
E:\code\Hexo\blog\node_modules\uws>if not defined npm_config_node_gyp (node "E:\APP\nodeJs\node_modules\npm\node_modules\npm-lifecycle\node-gyp-bin\\..\..\node_modules\node-gyp\bin\node-gyp.js" rebuild )  else (node "E:\APP\nodeJs\node_modules\npm\node_modules\node-gyp\bin\node-gyp.js" rebuild ) 
Building the projects in this solution one at a time. To enable parallel build, please add the "/m" switch.
..\..\..\..\..\..\APP\nodeJs\node_modules\npm\node_modules\node-gyp\src\win_delay_load_hook.cc(34): error C4430: 遺漏型別規範 - 假設為 int。注意: C++ 不支援 default-int [E:\code\Hexo\blog\node_modules\uws\build\binding.sln]
..\..\..\..\..\..\APP\nodeJs\node_modules\npm\node_modules\node-gyp\src\win_delay_load_hook.cc(34): error C2440: '正在初始化' : 無法由 'PfnDliHook' 轉換為 'int' [E:\code\Hexo\blog\node_modules\uws\build\binding.sln]
..\..\..\..\..\..\APP\nodeJs\node_modules\npm\node_modules\node-gyp\src\win_delay_load_hook.cc(34): error C2146: 語法錯誤 : 遺漏 ';' (在識別項 '__pfnDliNotifyHook2' 之前) [E:\code\Hexo\blog\node_modules\uws\build\binding.sln]
..\..\..\..\..\..\APP\nodeJs\node_modules\npm\node_modules\node-gyp\src\win_delay_load_hook.cc(34): error C4430: 遺漏型別規範 - 假設為 int。注意: C++ 不支援 default-int [E:\code\Hexo\blog\node_modules\uws\build\binding.sln]
..\..\..\..\..\..\APP\nodeJs\node_modules\npm\node_modules\node-gyp\src\win_delay_load_hook.cc(34): error C2373: '__pfnDliNotifyHook2' : 重複定義; 型別修飾詞不相同 [E:\code\Hexo\blog\node_modules\uws\build\binding.sln]
..\..\..\..\..\..\APP\nodeJs\node_modules\npm\node_modules\node-gyp\src\win_delay_load_hook.cc(34): error C2440: '正在初始化' : 無法由 'FARPROC (__cdecl *)(unsigned int,DelayLoadInfo *)' 轉換為 'int' [E:\code\Hexo\blog\node_modules\uws\build\binding.sln]
e:\code\hexo\blog\node_modules\uws\src\Libuv.h(5): error C4430: 遺漏型別規範 - 假設為 int。注意: C++ 不支援 default-int [E:\code\Hexo\blog\node_modules\uws\build\binding.sln]
e:\code\hexo\blog\node_modules\uws\src\Libuv.h(5): error C2078: 初始設定式太多 [E:\code\Hexo\blog\node_modules\uws\build\binding.sln]
e:\code\hexo\blog\node_modules\uws\src\Libuv.h(5): error C2440: '正在初始化' : 無法由 'const char [36]' 轉換為 'int' [E:\code\Hexo\blog\node_modules\uws\build\binding.sln]
e:\code\hexo\blog\node_modules\uws\src\Libuv.h(47): error C2958: 找到沒有正確對應的左括號 '(' (於 'e:\code\hexo\blog\node_modules\uws\src\libuv.h(45)' [E:\code\Hexo\blog\node_modules\uws\build\binding.sln]
e:\code\hexo\blog\node_modules\uws\src\Libuv.h(47): error C2059: 語法錯誤 : ')' [E:\code\Hexo\blog\node_modules\uws\build\binding.sln]
e:\code\hexo\blog\node_modules\uws\src\Libuv.h(50): error C2628: 'uS::Async' 之後接續 'void' 不合法 (是否缺少 ';'?) [E:\code\Hexo\blog\node_modules\uws\build\binding.sln]
e:\code\hexo\blog\node_modules\uws\src\Libuv.h(51): error C2065: 'uv_async' : 未宣告的識別項 [E:\code\Hexo\blog\node_modules\uws\build\binding.sln]
e:\code\hexo\blog\node_modules\uws\src\Libuv.h(51): error C2228: '.data' 的左邊必須有類別/結構/等位 [E:\code\Hexo\blog\node_modules\uws\build\binding.sln]
e:\code\hexo\blog\node_modules\uws\src\Libuv.h(45): error C2059: 語法錯誤 : '[' [E:\code\Hexo\blog\node_modules\uws\build\binding.sln]
e:\code\hexo\blog\node_modules\uws\src\Libuv.h(45): error C2143: 語法錯誤 : 遺漏 ')' (在 '{' 之前) [E:\code\Hexo\blog\node_modules\uws\build\binding.sln]
e:\code\hexo\blog\node_modules\uws\src\Libuv.h(45): error C2143: 語法錯誤 : 遺漏 ';' (在 '{' 之前) [E:\code\Hexo\blog\node_modules\uws\build\binding.sln]
e:\code\hexo\blog\node_modules\uws\src\Libuv.h(46): error C2065: 'a' : 未宣告的識別項 [E:\code\Hexo\blog\node_modules\uws\build\binding.sln]
e:\code\hexo\blog\node_modules\uws\src\Libuv.h(46): error C2541: 'delete' : 無法刪除不是指標的物件 [E:\code\Hexo\blog\node_modules\uws\build\binding.sln]
e:\code\hexo\blog\node_modules\uws\src\Libuv.h(55): error C2065: 'uv_async' : 未宣告的識別項 [E:\code\Hexo\blog\node_modules\uws\build\binding.sln]
e:\code\hexo\blog\node_modules\uws\src\Libuv.h(55): error C2228: '.data' 的左邊必須有類別/結構/等位 [E:\code\Hexo\blog\node_modules\uws\build\binding.sln]
e:\code\hexo\blog\node_modules\uws\src\Libuv.h(62): error C2061: 語法錯誤 : 識別項 'Loop' [E:\code\Hexo\blog\node_modules\uws\build\binding.sln]
e:\code\hexo\blog\node_modules\uws\src\Libuv.h(85): error C2958: 找到沒有正確對應的左括號 '(' (於 'e:\code\hexo\blog\node_modules\uws\src\libuv.h(83)' [E:\code\Hexo\blog\node_modules\uws\build\binding.sln]
e:\code\hexo\blog\node_modules\uws\src\Libuv.h(85): error C2059: 語法錯誤 : ')' [E:\code\Hexo\blog\node_modules\uws\build\binding.sln]
e:\code\hexo\blog\node_modules\uws\src\Libuv.h(88): error C2059: 語法錯誤 : 'private' [E:\code\Hexo\blog\node_modules\uws\build\binding.sln]
e:\code\hexo\blog\node_modules\uws\src\Libuv.h(88): error C2143: 語法錯誤 : 遺漏 ';' (在 ':' 之前) [E:\code\Hexo\blog\node_modules\uws\build\binding.sln]
e:\code\hexo\blog\node_modules\uws\src\Libuv.h(88): error C2059: 語法錯誤 : ':' [E:\code\Hexo\blog\node_modules\uws\build\binding.sln]
e:\code\hexo\blog\node_modules\uws\src\Libuv.h(63): error C2065: 'loop' : 未宣告的識別項 [E:\code\Hexo\blog\node_modules\uws\build\binding.sln]
e:\code\hexo\blog\node_modules\uws\src\Libuv.h(83): error C2059: 語法錯誤 : '[' [E:\code\Hexo\blog\node_modules\uws\build\binding.sln]
e:\code\hexo\blog\node_modules\uws\src\Libuv.h(83): error C2143: 語法錯誤 : 遺漏 ')' (在 '{' 之前) [E:\code\Hexo\blog\node_modules\uws\build\binding.sln]
e:\code\hexo\blog\node_modules\uws\src\Libuv.h(83): error C2143: 語法錯誤 : 遺漏 ';' (在 '{' 之前) [E:\code\Hexo\blog\node_modules\uws\build\binding.sln]
e:\code\hexo\blog\node_modules\uws\src\Libuv.h(84): error C2065: 't' : 未宣告的識別項 [E:\code\Hexo\blog\node_modules\uws\build\binding.sln]
e:\code\hexo\blog\node_modules\uws\src\Libuv.h(84): error C2541: 'delete' : 無法刪除不是指標的物件 [E:\code\Hexo\blog\node_modules\uws\build\binding.sln]
e:\code\hexo\blog\node_modules\uws\src\Libuv.h(89): error C2588: '::~Timer' : 不合法的全域 解構函式 [E:\code\Hexo\blog\node_modules\uws\build\binding.sln]
e:\code\hexo\blog\node_modules\uws\src\Libuv.h(89): error C4430: 遺漏型別規範 - 假設為 int。注意: C++ 不支援 default-int [E:\code\Hexo\blog\node_modules\uws\build\binding.sln]
e:\code\hexo\blog\node_modules\uws\src\Libuv.h(91): warning C4508: 'Timer' : 函式應傳回值; 假定 'void' 傳回型別 [E:\code\Hexo\blog\node_modules\uws\build\binding.sln]
e:\code\hexo\blog\node_modules\uws\src\Libuv.h(92): error C2059: 語法錯誤 : '}' [E:\code\Hexo\blog\node_modules\uws\build\binding.sln]
e:\code\hexo\blog\node_modules\uws\src\Libuv.h(92): error C2143: 語法錯誤 : 遺漏 ';' (在 '}' 之前) [E:\code\Hexo\blog\node_modules\uws\build\binding.sln]
e:\code\hexo\blog\node_modules\uws\src\Libuv.h(92): error C2059: 語法錯誤 : '}' [E:\code\Hexo\blog\node_modules\uws\build\binding.sln]
e:\code\hexo\blog\node_modules\uws\src\Libuv.h(98): error C2061: 語法錯誤 : 識別項 'Loop' [E:\code\Hexo\blog\node_modules\uws\build\binding.sln]
e:\code\hexo\blog\node_modules\uws\src\Libuv.h(103): error C2143: 語法錯誤 : 遺漏 ')' (在 '&&' 之前) [E:\code\Hexo\blog\node_modules\uws\build\binding.sln]
e:\code\hexo\blog\node_modules\uws\src\Libuv.h(103): error C2143: 語法錯誤 : 遺漏 ';' (在 '&&' 之前) [E:\code\Hexo\blog\node_modules\uws\build\binding.sln]
e:\code\hexo\blog\node_modules\uws\src\Libuv.h(103): error C2652: 'Poll' : 複製建構函式不合法: 第一個參數不能是 'Poll' [E:\code\Hexo\blog\node_modules\uws\build\binding.sln]
e:\code\hexo\blog\node_modules\uws\src\Libuv.h(103): error C2059: 語法錯誤 : ')' [E:\code\Hexo\blog\node_modules\uws\build\binding.sln]
e:\code\hexo\blog\node_modules\uws\src\Libuv.h(103): error C2334: 在 '{' 之前有未預期的語彙基元; 略過函式主體 [E:\code\Hexo\blog\node_modules\uws\build\binding.sln]
e:\code\hexo\blog\node_modules\uws\src\Libuv.h(109): error C2059: 語法錯誤 : ';' [E:\code\Hexo\blog\node_modules\uws\build\binding.sln]
e:\code\hexo\blog\node_modules\uws\src\Libuv.h(109): error C2238: 在 ';' 之前有未預期的語彙基元 [E:\code\Hexo\blog\node_modules\uws\build\binding.sln]
e:\code\hexo\blog\node_modules\uws\src\Libuv.h(137): error C2061: 語法錯誤 : 識別項 'Loop' [E:\code\Hexo\blog\node_modules\uws\build\binding.sln]
e:\code\hexo\blog\node_modules\uws\src\Libuv.h(143): error C2061: 語法錯誤 : 識別項 'Loop' [E:\code\Hexo\blog\node_modules\uws\build\binding.sln]
e:\code\hexo\blog\node_modules\uws\src\Libuv.h(148): error C2958: 找到沒有正確對應的左括號 '(' (於 'e:\code\hexo\blog\node_modules\uws\src\libuv.h(145)' [E:\code\Hexo\blog\node_modules\uws\build\binding.sln]
e:\code\hexo\blog\node_modules\uws\src\Libuv.h(148): error C2059: 語法錯誤 : ')' [E:\code\Hexo\blog\node_modules\uws\build\binding.sln]
e:\code\hexo\blog\node_modules\uws\src\Libuv.h(151): error C2628: 'Poll' 之後接續 'void' 不合法 (是否缺少 ';'?) [E:\code\Hexo\blog\node_modules\uws\build\binding.sln]
e:\code\hexo\blog\node_modules\uws\src\Libuv.h(151): error C2065: 'Loop' : 未宣告的識別項 [E:\code\Hexo\blog\node_modules\uws\build\binding.sln]
e:\code\hexo\blog\node_modules\uws\src\Libuv.h(151): error C2059: 語法錯誤 : ',' [E:\code\Hexo\blog\node_modules\uws\build\binding.sln]
e:\code\hexo\blog\node_modules\uws\src\Libuv.h(151): error C2143: 語法錯誤 : 遺漏 ';' (在 '{' 之前) [E:\code\Hexo\blog\node_modules\uws\build\binding.sln]
e:\code\hexo\blog\node_modules\uws\src\Libuv.h(100): error C2065: 'loop' : 未宣告的識別項 [E:\code\Hexo\blog\node_modules\uws\build\binding.sln]
e:\code\hexo\blog\node_modules\uws\src\Libuv.h(100): error C2065: 'fd' : 未宣告的識別項 [E:\code\Hexo\blog\node_modules\uws\build\binding.sln]
e:\code\hexo\blog\node_modules\uws\src\Libuv.h(140): error C2065: 'loop' : 未宣告的識別項 [E:\code\Hexo\blog\node_modules\uws\build\binding.sln]
e:\code\hexo\blog\node_modules\uws\src\Libuv.h(140): error C2065: 'fd' : 未宣告的識別項 [E:\code\Hexo\blog\node_modules\uws\build\binding.sln]
e:\code\hexo\blog\node_modules\uws\src\Libuv.h(144): error C2065: 'self' : 未宣告的識別項 [E:\code\Hexo\blog\node_modules\uws\build\binding.sln]
e:\code\hexo\blog\node_modules\uws\src\Libuv.h(145): error C2065: 'events' : 未宣告的識別項 [E:\code\Hexo\blog\node_modules\uws\build\binding.sln]
e:\code\hexo\blog\node_modules\uws\src\Libuv.h(145): error C2059: 語法錯誤 : '[' [E:\code\Hexo\blog\node_modules\uws\build\binding.sln]
e:\code\hexo\blog\node_modules\uws\src\Libuv.h(145): error C2143: 語法錯誤 : 遺漏 ')' (在 '{' 之前) [E:\code\Hexo\blog\node_modules\uws\build\binding.sln]
e:\code\hexo\blog\node_modules\uws\src\Libuv.h(145): error C2143: 語法錯誤 : 遺漏 ';' (在 '{' 之前) [E:\code\Hexo\blog\node_modules\uws\build\binding.sln]
e:\code\hexo\blog\node_modules\uws\src\Libuv.h(146): error C2065: 'p' : 未宣告的識別項 [E:\code\Hexo\blog\node_modules\uws\build\binding.sln]
e:\code\hexo\blog\node_modules\uws\src\Libuv.h(146): error C2227: '->data' 的左邊必須指向類別/結構/等位/泛型型別 [E:\code\Hexo\blog\node_modules\uws\build\binding.sln]
e:\code\hexo\blog\node_modules\uws\src\Libuv.h(147): error C2065: 'status' : 未宣告的識別項 [E:\code\Hexo\blog\node_modules\uws\build\binding.sln]
e:\code\hexo\blog\node_modules\uws\src\Libuv.h(147): error C2065: 'events' : 未宣告的識別項 [E:\code\Hexo\blog\node_modules\uws\build\binding.sln]
e:\code\hexo\blog\node_modules\uws\src\Libuv.h(151): error C2447: '{' : 遺漏函式標頭 (舊樣式型式清單?) [E:\code\Hexo\blog\node_modules\uws\build\binding.sln]
e:\code\hexo\blog\node_modules\uws\src\Libuv.h(5): error C4430: 遺漏型別規範 - 假設為 int。注意: C++ 不支援 default-int [E:\code\Hexo\blog\node_modules\uws\build\binding.sln]
e:\code\hexo\blog\node_modules\uws\src\Libuv.h(155): error C2065: 'Loop' : 未宣告的識別項 [E:\code\Hexo\blog\node_modules\uws\build\binding.sln]
e:\code\hexo\blog\node_modules\uws\src\Libuv.h(5): error C2078: 初始設定式太多 [E:\code\Hexo\blog\node_modules\uws\build\binding.sln]
e:\code\hexo\blog\node_modules\uws\src\Libuv.h(155): error C2065: 'loop' : 未宣告的識別項 [E:\code\Hexo\blog\node_modules\uws\build\binding.sln]
e:\code\hexo\blog\node_modules\uws\src\Libuv.h(5): error C2440: '正在初始化' : 無法由 'const char [36]' 轉換為 'int' [E:\code\Hexo\blog\node_modules\uws\build\binding.sln]
e:\code\hexo\blog\node_modules\uws\src\Libuv.h(155): error C2448: 'stop' : 函式樣式初始設定式似乎是函式定義 [E:\code\Hexo\blog\node_modules\uws\build\binding.sln]
e:\code\hexo\blog\node_modules\uws\src\Libuv.h(47): error C2958: 找到沒有正確對應的左括號 '(' (於 'e:\code\hexo\blog\node_modules\uws\src\libuv.h(45)' [E:\code\Hexo\blog\node_modules\uws\build\binding.sln]
e:\code\hexo\blog\node_modules\uws\src\Libuv.h(159): error C2065: 'Loop' : 未宣告的識別項 [E:\code\Hexo\blog\node_modules\uws\build\binding.sln]
e:\code\hexo\blog\node_modules\uws\src\Libuv.h(47): error C2059: 語法錯誤 : ')' [E:\code\Hexo\blog\node_modules\uws\build\binding.sln]
e:\code\hexo\blog\node_modules\uws\src\Libuv.h(159): error C2065: 'loop' : 未宣告的識別項 [E:\code\Hexo\blog\node_modules\uws\build\binding.sln]
e:\code\hexo\blog\node_modules\uws\src\Libuv.h(50): error C2628: 'uS::Async' 之後接續 'void' 不合法 (是否缺少 ';'?) [E:\code\Hexo\blog\node_modules\uws\build\binding.sln]
e:\code\hexo\blog\node_modules\uws\src\Libuv.h(159): error C2065: 'Loop' : 未宣告的識別項 [E:\code\Hexo\blog\node_modules\uws\build\binding.sln]
e:\code\hexo\blog\node_modules\uws\src\Libuv.h(51): error C2065: 'uv_async' : 未宣告的識別項 [E:\code\Hexo\blog\node_modules\uws\build\binding.sln]
e:\code\hexo\blog\node_modules\uws\src\Libuv.h(159): error C2065: 'newLoop' : 未宣告的識別項 [E:\code\Hexo\blog\node_modules\uws\build\binding.sln]
e:\code\hexo\blog\node_modules\uws\src\Libuv.h(51): error C2228: '.data' 的左邊必須有類別/結構/等位 [E:\code\Hexo\blog\node_modules\uws\build\binding.sln]
e:\code\hexo\blog\node_modules\uws\src\Libuv.h(159): error C2062: 未預期的型別 'int' [E:\code\Hexo\blog\node_modules\uws\build\binding.sln]
e:\code\hexo\blog\node_modules\uws\src\Libuv.h(159): error C2143: 語法錯誤 : 遺漏 ';' (在 '{' 之前) [E:\code\Hexo\blog\node_modules\uws\build\binding.sln]
e:\code\hexo\blog\node_modules\uws\src\Libuv.h(159): error C2447: '{' : 遺漏函式標頭 (舊樣式型式清單?) [E:\code\Hexo\blog\node_modules\uws\build\binding.sln]
e:\code\hexo\blog\node_modules\uws\src\Libuv.h(163): error C2065: 'Loop' : 未宣告的識別項 [E:\code\Hexo\blog\node_modules\uws\build\binding.sln]
e:\code\hexo\blog\node_modules\uws\src\Libuv.h(163): error C2059: 語法錯誤 : ',' [E:\code\Hexo\blog\node_modules\uws\build\binding.sln]
e:\code\hexo\blog\node_modules\uws\src\Libuv.h(163): error C2143: 語法錯誤 : 遺漏 ';' (在 '{' 之前) [E:\code\Hexo\blog\node_modules\uws\build\binding.sln]
e:\code\hexo\blog\node_modules\uws\src\Libuv.h(45): error C2059: 語法錯誤 : '[' [E:\code\Hexo\blog\node_modules\uws\build\binding.sln]
e:\code\hexo\blog\node_modules\uws\src\Libuv.h(163): error C2447: '{' : 遺漏函式標頭 (舊樣式型式清單?) [E:\code\Hexo\blog\node_modules\uws\build\binding.sln]
e:\code\hexo\blog\node_modules\uws\src\Libuv.h(45): error C2143: 語法錯誤 : 遺漏 ')' (在 '{' 之前) [E:\code\Hexo\blog\node_modules\uws\build\binding.sln]
e:\code\hexo\blog\node_modules\uws\src\Libuv.h(167): error C2065: 'Loop' : 未宣告的識別項 [E:\code\Hexo\blog\node_modules\uws\build\binding.sln]
e:\code\hexo\blog\node_modules\uws\src\Libuv.h(45): error C2143: 語法錯誤 : 遺漏 ';' (在 '{' 之前) [E:\code\Hexo\blog\node_modules\uws\build\binding.sln]
e:\code\hexo\blog\node_modules\uws\src\Libuv.h(167): error C2065: 'loop' : 未宣告的識別項 [E:\code\Hexo\blog\node_modules\uws\build\binding.sln]
e:\code\hexo\blog\node_modules\uws\src\Libuv.h(46): error C2065: 'a' : 未宣告的識別項 [E:\code\Hexo\blog\node_modules\uws\build\binding.sln]
e:\code\hexo\blog\node_modules\uws\src\Libuv.h(167): error C2065: 'cb' : 未宣告的識別項 [E:\code\Hexo\blog\node_modules\uws\build\binding.sln]
e:\code\hexo\blog\node_modules\uws\src\Libuv.h(46): error C2541: 'delete' : 無法刪除不是指標的物件 [E:\code\Hexo\blog\node_modules\uws\build\binding.sln]
e:\code\hexo\blog\node_modules\uws\src\Libuv.h(167): error C2059: 語法錯誤 : ')' [E:\code\Hexo\blog\node_modules\uws\build\binding.sln]
e:\code\hexo\blog\node_modules\uws\src\Libuv.h(167): error C2143: 語法錯誤 : 遺漏 ';' (在 '{' 之前) [E:\code\Hexo\blog\node_modules\uws\build\binding.sln]
e:\code\hexo\blog\node_modules\uws\src\Libuv.h(55): error C2065: 'uv_async' : 未宣告的識別項 [E:\code\Hexo\blog\node_modules\uws\build\binding.sln]
e:\code\hexo\blog\node_modules\uws\src\Libuv.h(167): error C2447: '{' : 遺漏函式標頭 (舊樣式型式清單?) [E:\code\Hexo\blog\node_modules\uws\build\binding.sln]
e:\code\hexo\blog\node_modules\uws\src\Libuv.h(55): error C2228: '.data' 的左邊必須有類別/結構/等位 [E:\code\Hexo\blog\node_modules\uws\build\binding.sln]
e:\code\hexo\blog\node_modules\uws\src\Libuv.h(175): error C2059: 語法錯誤 : '}' [E:\code\Hexo\blog\node_modules\uws\build\binding.sln]
e:\code\hexo\blog\node_modules\uws\src\Libuv.h(175): error C2143: 語法錯誤 : 遺漏 ';' (在 '}' 之前) [E:\code\Hexo\blog\node_modules\uws\build\binding.sln]
e:\code\hexo\blog\node_modules\uws\src\Libuv.h(62): error C2061: 語法錯誤 : 識別項 'Loop' [E:\code\Hexo\blog\node_modules\uws\build\binding.sln]
e:\code\hexo\blog\node_modules\uws\src\Libuv.h(175): error C2059: 語法錯誤 : '}' [E:\code\Hexo\blog\node_modules\uws\build\binding.sln]
e:\code\hexo\blog\node_modules\uws\src\Libuv.h(177): error C2059: 語法錯誤 : '}' [E:\code\Hexo\blog\node_modules\uws\build\binding.sln]
e:\code\hexo\blog\node_modules\uws\src\Libuv.h(177): error C2143: 語法錯誤 : 遺漏 ';' (在 '}' 之前) [E:\code\Hexo\blog\node_modules\uws\build\binding.sln]
e:\code\hexo\blog\node_modules\uws\src\Libuv.h(177): error C2059: 語法錯誤 : '}' [E:\code\Hexo\blog\node_modules\uws\build\binding.sln]
e:\code\hexo\blog\node_modules\uws\src\Libuv.h(85): error C2958: 找到沒有正確對應的左括號 '(' (於 'e:\code\hexo\blog\node_modules\uws\src\libuv.h(83)' [E:\code\Hexo\blog\node_modules\uws\build\binding.sln]
e:\code\hexo\blog\node_modules\uws\src\Libuv.h(85): error C2059: 語法錯誤 : ')' [E:\code\Hexo\blog\node_modules\uws\build\binding.sln]
e:\code\hexo\blog\node_modules\uws\src\Libuv.h(88): error C2059: 語法錯誤 : 'private' [E:\code\Hexo\blog\node_modules\uws\build\binding.sln]
e:\code\hexo\blog\node_modules\uws\src\Libuv.h(88): error C2143: 語法錯誤 : 遺漏 ';' (在 ':' 之前) [E:\code\Hexo\blog\node_modules\uws\build\binding.sln]
e:\code\hexo\blog\node_modules\uws\src\Libuv.h(88): error C2059: 語法錯誤 : ':' [E:\code\Hexo\blog\node_modules\uws\build\binding.sln]
c:\users\z17023031\.node-gyp\8.11.1\include\node\openssl\./archs/VC-WIN64A/opensslconf.h(5): error C2143: 語法錯誤 : 遺漏 ';' (在 '{' 之前) [E:\code\Hexo\blog\node_modules\uws\build\binding.sln]
e:\code\hexo\blog\node_modules\uws\src\Libuv.h(5): error C4430: 遺漏型別規範 - 假設為 int。注意: C++ 不支援 default-int [E:\code\Hexo\blog\node_modules\uws\build\binding.sln]
e:\code\hexo\blog\node_modules\uws\src\Libuv.h(5): error C4430: 遺漏型別規範 - 假設為 int。注意: C++ 不支援 default-int [E:\code\Hexo\blog\node_modules\uws\build\binding.sln]
e:\code\hexo\blog\node_modules\uws\src\Libuv.h(63): error C2065: 'loop' : 未宣告的識別項 [E:\code\Hexo\blog\node_modules\uws\build\binding.sln]
c:\users\z17023031\.node-gyp\8.11.1\include\node\openssl\./archs/VC-WIN64A/opensslconf.h(5): error C2447: '{' : 遺漏函式標頭 (舊樣式型式清單?) [E:\code\Hexo\blog\node_modules\uws\build\binding.sln]
e:\code\hexo\blog\node_modules\uws\src\Libuv.h(5): error C2078: 初始設定式太多 [E:\code\Hexo\blog\node_modules\uws\build\binding.sln]
e:\code\hexo\blog\node_modules\uws\src\Libuv.h(5): error C2078: 初始設定式太多 [E:\code\Hexo\blog\node_modules\uws\build\binding.sln]
e:\code\hexo\blog\node_modules\uws\src\Libuv.h(83): error C2059: 語法錯誤 : '[' [E:\code\Hexo\blog\node_modules\uws\build\binding.sln]
e:\code\hexo\blog\node_modules\uws\src\Libuv.h(5): error C2440: '正在初始化' : 無法由 'const char [36]' 轉換為 'int' [E:\code\Hexo\blog\node_modules\uws\build\binding.sln]
e:\code\hexo\blog\node_modules\uws\src\Libuv.h(5): error C2440: '正在初始化' : 無法由 'const char [36]' 轉換為 'int' [E:\code\Hexo\blog\node_modules\uws\build\binding.sln]
e:\code\hexo\blog\node_modules\uws\src\Libuv.h(83): error C2143: 語法錯誤 : 遺漏 ')' (在 '{' 之前) [E:\code\Hexo\blog\node_modules\uws\build\binding.sln]
e:\code\hexo\blog\node_modules\uws\src\Libuv.h(83): error C2143: 語法錯誤 : 遺漏 ';' (在 '{' 之前) [E:\code\Hexo\blog\node_modules\uws\build\binding.sln]
e:\code\hexo\blog\node_modules\uws\src\Libuv.h(84): error C2065: 't' : 未宣告的識別項 [E:\code\Hexo\blog\node_modules\uws\build\binding.sln]
e:\code\hexo\blog\node_modules\uws\src\Libuv.h(84): error C2541: 'delete' : 無法刪除不是指標的物件 [E:\code\Hexo\blog\node_modules\uws\build\binding.sln]
e:\code\hexo\blog\node_modules\uws\src\Libuv.h(89): error C2588: '::~Timer' : 不合法的全域 解構函式 [E:\code\Hexo\blog\node_modules\uws\build\binding.sln]
e:\code\hexo\blog\node_modules\uws\src\Libuv.h(89): error C4430: 遺漏型別規範 - 假設為 int。注意: C++ 不支援 default-int [E:\code\Hexo\blog\node_modules\uws\build\binding.sln]
e:\code\hexo\blog\node_modules\uws\src\Libuv.h(91): warning C4508: 'Timer' : 函式應傳回值; 假定 'void' 傳回型別 [E:\code\Hexo\blog\node_modules\uws\build\binding.sln]
e:\code\hexo\blog\node_modules\uws\src\Libuv.h(92): error C2059: 語法錯誤 : '}' [E:\code\Hexo\blog\node_modules\uws\build\binding.sln]
e:\code\hexo\blog\node_modules\uws\src\Libuv.h(47): error C2958: 找到沒有正確對應的左括號 '(' (於 'e:\code\hexo\blog\node_modules\uws\src\libuv.h(45)' [E:\code\Hexo\blog\node_modules\uws\build\binding.sln]
e:\code\hexo\blog\node_modules\uws\src\Libuv.h(92): error C2143: 語法錯誤 : 遺漏 ';' (在 '}' 之前) [E:\code\Hexo\blog\node_modules\uws\build\binding.sln]
e:\code\hexo\blog\node_modules\uws\src\Libuv.h(47): error C2059: 語法錯誤 : ')' [E:\code\Hexo\blog\node_modules\uws\build\binding.sln]
e:\code\hexo\blog\node_modules\uws\src\Libuv.h(47): error C2958: 找到沒有正確對應的左括號 '(' (於 'e:\code\hexo\blog\node_modules\uws\src\libuv.h(45)' [E:\code\Hexo\blog\node_modules\uws\build\binding.sln]
e:\code\hexo\blog\node_modules\uws\src\Libuv.h(92): error C2059: 語法錯誤 : '}' [E:\code\Hexo\blog\node_modules\uws\build\binding.sln]
e:\code\hexo\blog\node_modules\uws\src\Libuv.h(50): error C2628: 'uS::Async' 之後接續 'void' 不合法 (是否缺少 ';'?) [E:\code\Hexo\blog\node_modules\uws\build\binding.sln]
e:\code\hexo\blog\node_modules\uws\src\Libuv.h(47): error C2059: 語法錯誤 : ')' [E:\code\Hexo\blog\node_modules\uws\build\binding.sln]
e:\code\hexo\blog\node_modules\uws\src\Libuv.h(98): error C2061: 語法錯誤 : 識別項 'Loop' [E:\code\Hexo\blog\node_modules\uws\build\binding.sln]
e:\code\hexo\blog\node_modules\uws\src\Libuv.h(51): error C2065: 'uv_async' : 未宣告的識別項 [E:\code\Hexo\blog\node_modules\uws\build\binding.sln]
e:\code\hexo\blog\node_modules\uws\src\Libuv.h(50): error C2628: 'uS::Async' 之後接續 'void' 不合法 (是否缺少 ';'?) [E:\code\Hexo\blog\node_modules\uws\build\binding.sln]
e:\code\hexo\blog\node_modules\uws\src\Libuv.h(103): error C2143: 語法錯誤 : 遺漏 ')' (在 '&&' 之前) [E:\code\Hexo\blog\node_modules\uws\build\binding.sln]
e:\code\hexo\blog\node_modules\uws\src\Libuv.h(51): error C2228: '.data' 的左邊必須有類別/結構/等位 [E:\code\Hexo\blog\node_modules\uws\build\binding.sln]
e:\code\hexo\blog\node_modules\uws\src\Libuv.h(103): error C2143: 語法錯誤 : 遺漏 ';' (在 '&&' 之前) [E:\code\Hexo\blog\node_modules\uws\build\binding.sln]
e:\code\hexo\blog\node_modules\uws\src\Libuv.h(51): error C2065: 'uv_async' : 未宣告的識別項 [E:\code\Hexo\blog\node_modules\uws\build\binding.sln]
e:\code\hexo\blog\node_modules\uws\src\Libuv.h(103): error C2652: 'Poll' : 複製建構函式不合法: 第一個參數不能是 'Poll' [E:\code\Hexo\blog\node_modules\uws\build\binding.sln]
e:\code\hexo\blog\node_modules\uws\src\Libuv.h(51): error C2228: '.data' 的左邊必須有類別/結構/等位 [E:\code\Hexo\blog\node_modules\uws\build\binding.sln]
e:\code\hexo\blog\node_modules\uws\src\Libuv.h(103): error C2059: 語法錯誤 : ')' [E:\code\Hexo\blog\node_modules\uws\build\binding.sln]
e:\code\hexo\blog\node_modules\uws\src\Libuv.h(45): error C2059: 語法錯誤 : '[' [E:\code\Hexo\blog\node_modules\uws\build\binding.sln]
e:\code\hexo\blog\node_modules\uws\src\Libuv.h(103): error C2334: 在 '{' 之前有未預期的語彙基元; 略過函式主體 [E:\code\Hexo\blog\node_modules\uws\build\binding.sln]
e:\code\hexo\blog\node_modules\uws\src\Libuv.h(45): error C2143: 語法錯誤 : 遺漏 ')' (在 '{' 之前) [E:\code\Hexo\blog\node_modules\uws\build\binding.sln]
e:\code\hexo\blog\node_modules\uws\src\Libuv.h(45): error C2059: 語法錯誤 : '[' [E:\code\Hexo\blog\node_modules\uws\build\binding.sln]
e:\code\hexo\blog\node_modules\uws\src\Libuv.h(109): error C2059: 語法錯誤 : ';' [E:\code\Hexo\blog\node_modules\uws\build\binding.sln]
e:\code\hexo\blog\node_modules\uws\src\Libuv.h(45): error C2143: 語法錯誤 : 遺漏 ';' (在 '{' 之前) [E:\code\Hexo\blog\node_modules\uws\build\binding.sln]
e:\code\hexo\blog\node_modules\uws\src\Libuv.h(45): error C2143: 語法錯誤 : 遺漏 ')' (在 '{' 之前) [E:\code\Hexo\blog\node_modules\uws\build\binding.sln]
e:\code\hexo\blog\node_modules\uws\src\Libuv.h(109): error C2238: 在 ';' 之前有未預期的語彙基元 [E:\code\Hexo\blog\node_modules\uws\build\binding.sln]
e:\code\hexo\blog\node_modules\uws\src\Libuv.h(46): error C2065: 'a' : 未宣告的識別項 [E:\code\Hexo\blog\node_modules\uws\build\binding.sln]
e:\code\hexo\blog\node_modules\uws\src\Libuv.h(45): error C2143: 語法錯誤 : 遺漏 ';' (在 '{' 之前) [E:\code\Hexo\blog\node_modules\uws\build\binding.sln]
e:\code\hexo\blog\node_modules\uws\src\Libuv.h(46): error C2541: 'delete' : 無法刪除不是指標的物件 [E:\code\Hexo\blog\node_modules\uws\build\binding.sln]
e:\code\hexo\blog\node_modules\uws\src\Libuv.h(137): error C2061: 語法錯誤 : 識別項 'Loop' [E:\code\Hexo\blog\node_modules\uws\build\binding.sln]
e:\code\hexo\blog\node_modules\uws\src\Libuv.h(46): error C2065: 'a' : 未宣告的識別項 [E:\code\Hexo\blog\node_modules\uws\build\binding.sln]
e:\code\hexo\blog\node_modules\uws\src\Libuv.h(55): error C2065: 'uv_async' : 未宣告的識別項 [E:\code\Hexo\blog\node_modules\uws\build\binding.sln]
e:\code\hexo\blog\node_modules\uws\src\Libuv.h(143): error C2061: 語法錯誤 : 識別項 'Loop' [E:\code\Hexo\blog\node_modules\uws\build\binding.sln]
e:\code\hexo\blog\node_modules\uws\src\Libuv.h(46): error C2541: 'delete' : 無法刪除不是指標的物件 [E:\code\Hexo\blog\node_modules\uws\build\binding.sln]
e:\code\hexo\blog\node_modules\uws\src\Libuv.h(55): error C2228: '.data' 的左邊必須有類別/結構/等位 [E:\code\Hexo\blog\node_modules\uws\build\binding.sln]
e:\code\hexo\blog\node_modules\uws\src\Libuv.h(148): error C2958: 找到沒有正確對應的左括號 '(' (於 'e:\code\hexo\blog\node_modules\uws\src\libuv.h(145)' [E:\code\Hexo\blog\node_modules\uws\build\binding.sln]
e:\code\hexo\blog\node_modules\uws\src\Libuv.h(55): error C2065: 'uv_async' : 未宣告的識別項 [E:\code\Hexo\blog\node_modules\uws\build\binding.sln]
e:\code\hexo\blog\node_modules\uws\src\Libuv.h(62): error C2061: 語法錯誤 : 識別項 'Loop' [E:\code\Hexo\blog\node_modules\uws\build\binding.sln]
e:\code\hexo\blog\node_modules\uws\src\Libuv.h(148): error C2059: 語法錯誤 : ')' [E:\code\Hexo\blog\node_modules\uws\build\binding.sln]
e:\code\hexo\blog\node_modules\uws\src\Libuv.h(55): error C2228: '.data' 的左邊必須有類別/結構/等位 [E:\code\Hexo\blog\node_modules\uws\build\binding.sln]
e:\code\hexo\blog\node_modules\uws\src\Libuv.h(151): error C2628: 'Poll' 之後接續 'void' 不合法 (是否缺少 ';'?) [E:\code\Hexo\blog\node_modules\uws\build\binding.sln]
e:\code\hexo\blog\node_modules\uws\src\Libuv.h(85): error C2958: 找到沒有正確對應的左括號 '(' (於 'e:\code\hexo\blog\node_modules\uws\src\libuv.h(83)' [E:\code\Hexo\blog\node_modules\uws\build\binding.sln]
e:\code\hexo\blog\node_modules\uws\src\Libuv.h(62): error C2061: 語法錯誤 : 識別項 'Loop' [E:\code\Hexo\blog\node_modules\uws\build\binding.sln]
e:\code\hexo\blog\node_modules\uws\src\Libuv.h(151): error C2065: 'Loop' : 未宣告的識別項 [E:\code\Hexo\blog\node_modules\uws\build\binding.sln]
e:\code\hexo\blog\node_modules\uws\src\Libuv.h(85): error C2059: 語法錯誤 : ')' [E:\code\Hexo\blog\node_modules\uws\build\binding.sln]
e:\code\hexo\blog\node_modules\uws\src\Libuv.h(151): error C2059: 語法錯誤 : ',' [E:\code\Hexo\blog\node_modules\uws\build\binding.sln]
e:\code\hexo\blog\node_modules\uws\src\Libuv.h(85): error C2958: 找到沒有正確對應的左括號 '(' (於 'e:\code\hexo\blog\node_modules\uws\src\libuv.h(83)' [E:\code\Hexo\blog\node_modules\uws\build\binding.sln]
e:\code\hexo\blog\node_modules\uws\src\Libuv.h(151): error C2143: 語法錯誤 : 遺漏 ';' (在 '{' 之前) [E:\code\Hexo\blog\node_modules\uws\build\binding.sln]
e:\code\hexo\blog\node_modules\uws\src\Libuv.h(88): error C2059: 語法錯誤 : 'private' [E:\code\Hexo\blog\node_modules\uws\build\binding.sln]
e:\code\hexo\blog\node_modules\uws\src\Libuv.h(85): error C2059: 語法錯誤 : ')' [E:\code\Hexo\blog\node_modules\uws\build\binding.sln]
e:\code\hexo\blog\node_modules\uws\src\Libuv.h(88): error C2143: 語法錯誤 : 遺漏 ';' (在 ':' 之前) [E:\code\Hexo\blog\node_modules\uws\build\binding.sln]
e:\code\hexo\blog\node_modules\uws\src\Libuv.h(100): error C2065: 'loop' : 未宣告的識別項 [E:\code\Hexo\blog\node_modules\uws\build\binding.sln]
e:\code\hexo\blog\node_modules\uws\src\Libuv.h(88): error C2059: 語法錯誤 : 'private' [E:\code\Hexo\blog\node_modules\uws\build\binding.sln]
e:\code\hexo\blog\node_modules\uws\src\Libuv.h(88): error C2059: 語法錯誤 : ':' [E:\code\Hexo\blog\node_modules\uws\build\binding.sln]
e:\code\hexo\blog\node_modules\uws\src\Libuv.h(100): error C2065: 'fd' : 未宣告的識別項 [E:\code\Hexo\blog\node_modules\uws\build\binding.sln]
e:\code\hexo\blog\node_modules\uws\src\Libuv.h(88): error C2143: 語法錯誤 : 遺漏 ';' (在 ':' 之前) [E:\code\Hexo\blog\node_modules\uws\build\binding.sln]
e:\code\hexo\blog\node_modules\uws\src\Libuv.h(63): error C2065: 'loop' : 未宣告的識別項 [E:\code\Hexo\blog\node_modules\uws\build\binding.sln]
e:\code\hexo\blog\node_modules\uws\src\Libuv.h(88): error C2059: 語法錯誤 : ':' [E:\code\Hexo\blog\node_modules\uws\build\binding.sln]
e:\code\hexo\blog\node_modules\uws\src\Libuv.h(140): error C2065: 'loop' : 未宣告的識別項 [E:\code\Hexo\blog\node_modules\uws\build\binding.sln]
e:\code\hexo\blog\node_modules\uws\src\Libuv.h(83): error C2059: 語法錯誤 : '[' [E:\code\Hexo\blog\node_modules\uws\build\binding.sln]
e:\code\hexo\blog\node_modules\uws\src\Libuv.h(63): error C2065: 'loop' : 未宣告的識別項 [E:\code\Hexo\blog\node_modules\uws\build\binding.sln]
e:\code\hexo\blog\node_modules\uws\src\Libuv.h(140): error C2065: 'fd' : 未宣告的識別項 [E:\code\Hexo\blog\node_modules\uws\build\binding.sln]
e:\code\hexo\blog\node_modules\uws\src\Libuv.h(83): error C2143: 語法錯誤 : 遺漏 ')' (在 '{' 之前) [E:\code\Hexo\blog\node_modules\uws\build\binding.sln]
e:\code\hexo\blog\node_modules\uws\src\Libuv.h(144): error C2065: 'self' : 未宣告的識別項 [E:\code\Hexo\blog\node_modules\uws\build\binding.sln]
e:\code\hexo\blog\node_modules\uws\src\Libuv.h(83): error C2143: 語法錯誤 : 遺漏 ';' (在 '{' 之前) [E:\code\Hexo\blog\node_modules\uws\build\binding.sln]
e:\code\hexo\blog\node_modules\uws\src\Libuv.h(145): error C2065: 'events' : 未宣告的識別項 [E:\code\Hexo\blog\node_modules\uws\build\binding.sln]
e:\code\hexo\blog\node_modules\uws\src\Libuv.h(83): error C2059: 語法錯誤 : '[' [E:\code\Hexo\blog\node_modules\uws\build\binding.sln]
e:\code\hexo\blog\node_modules\uws\src\Libuv.h(145): error C2059: 語法錯誤 : '[' [E:\code\Hexo\blog\node_modules\uws\build\binding.sln]
e:\code\hexo\blog\node_modules\uws\src\Libuv.h(84): error C2065: 't' : 未宣告的識別項 [E:\code\Hexo\blog\node_modules\uws\build\binding.sln]
e:\code\hexo\blog\node_modules\uws\src\Libuv.h(83): error C2143: 語法錯誤 : 遺漏 ')' (在 '{' 之前) [E:\code\Hexo\blog\node_modules\uws\build\binding.sln]
e:\code\hexo\blog\node_modules\uws\src\Libuv.h(145): error C2143: 語法錯誤 : 遺漏 ')' (在 '{' 之前) [E:\code\Hexo\blog\node_modules\uws\build\binding.sln]
e:\code\hexo\blog\node_modules\uws\src\Libuv.h(84): error C2541: 'delete' : 無法刪除不是指標的物件 [E:\code\Hexo\blog\node_modules\uws\build\binding.sln]
e:\code\hexo\blog\node_modules\uws\src\Libuv.h(83): error C2143: 語法錯誤 : 遺漏 ';' (在 '{' 之前) [E:\code\Hexo\blog\node_modules\uws\build\binding.sln]
e:\code\hexo\blog\node_modules\uws\src\Libuv.h(145): error C2143: 語法錯誤 : 遺漏 ';' (在 '{' 之前) [E:\code\Hexo\blog\node_modules\uws\build\binding.sln]
e:\code\hexo\blog\node_modules\uws\src\Libuv.h(89): error C2588: '::~Timer' : 不合法的全域 解構函式 [E:\code\Hexo\blog\node_modules\uws\build\binding.sln]
e:\code\hexo\blog\node_modules\uws\src\Libuv.h(84): error C2065: 't' : 未宣告的識別項 [E:\code\Hexo\blog\node_modules\uws\build\binding.sln]
e:\code\hexo\blog\node_modules\uws\src\Libuv.h(146): error C2065: 'p' : 未宣告的識別項 [E:\code\Hexo\blog\node_modules\uws\build\binding.sln]
e:\code\hexo\blog\node_modules\uws\src\Libuv.h(89): error C4430: 遺漏型別規範 - 假設為 int。注意: C++ 不支援 default-int [E:\code\Hexo\blog\node_modules\uws\build\binding.sln]
e:\code\hexo\blog\node_modules\uws\src\Libuv.h(84): error C2541: 'delete' : 無法刪除不是指標的物件 [E:\code\Hexo\blog\node_modules\uws\build\binding.sln]
e:\code\hexo\blog\node_modules\uws\src\Libuv.h(146): error C2227: '->data' 的左邊必須指向類別/結構/等位/泛型型別 [E:\code\Hexo\blog\node_modules\uws\build\binding.sln]
e:\code\hexo\blog\node_modules\uws\src\Libuv.h(91): warning C4508: 'Timer' : 函式應傳回值; 假定 'void' 傳回型別 [E:\code\Hexo\blog\node_modules\uws\build\binding.sln]
e:\code\hexo\blog\node_modules\uws\src\Libuv.h(89): error C2588: '::~Timer' : 不合法的全域 解構函式 [E:\code\Hexo\blog\node_modules\uws\build\binding.sln]
e:\code\hexo\blog\node_modules\uws\src\Libuv.h(147): error C2065: 'status' : 未宣告的識別項 [E:\code\Hexo\blog\node_modules\uws\build\binding.sln]
e:\code\hexo\blog\node_modules\uws\src\Libuv.h(92): error C2059: 語法錯誤 : '}' [E:\code\Hexo\blog\node_modules\uws\build\binding.sln]
e:\code\hexo\blog\node_modules\uws\src\Libuv.h(89): error C4430: 遺漏型別規範 - 假設為 int。注意: C++ 不支援 default-int [E:\code\Hexo\blog\node_modules\uws\build\binding.sln]
e:\code\hexo\blog\node_modules\uws\src\Libuv.h(147): error C2065: 'events' : 未宣告的識別項 [E:\code\Hexo\blog\node_modules\uws\build\binding.sln]
e:\code\hexo\blog\node_modules\uws\src\Libuv.h(92): error C2143: 語法錯誤 : 遺漏 ';' (在 '}' 之前) [E:\code\Hexo\blog\node_modules\uws\build\binding.sln]
e:\code\hexo\blog\node_modules\uws\src\Libuv.h(91): warning C4508: 'Timer' : 函式應傳回值; 假定 'void' 傳回型別 [E:\code\Hexo\blog\node_modules\uws\build\binding.sln]
e:\code\hexo\blog\node_modules\uws\src\Libuv.h(151): error C2447: '{' : 遺漏函式標頭 (舊樣式型式清單?) [E:\code\Hexo\blog\node_modules\uws\build\binding.sln]
e:\code\hexo\blog\node_modules\uws\src\Libuv.h(92): error C2059: 語法錯誤 : '}' [E:\code\Hexo\blog\node_modules\uws\build\binding.sln]
e:\code\hexo\blog\node_modules\uws\src\Libuv.h(92): error C2059: 語法錯誤 : '}' [E:\code\Hexo\blog\node_modules\uws\build\binding.sln]
e:\code\hexo\blog\node_modules\uws\src\Libuv.h(155): error C2065: 'Loop' : 未宣告的識別項 [E:\code\Hexo\blog\node_modules\uws\build\binding.sln]
e:\code\hexo\blog\node_modules\uws\src\Libuv.h(98): error C2061: 語法錯誤 : 識別項 'Loop' [E:\code\Hexo\blog\node_modules\uws\build\binding.sln]
e:\code\hexo\blog\node_modules\uws\src\Libuv.h(92): error C2143: 語法錯誤 : 遺漏 ';' (在 '}' 之前) [E:\code\Hexo\blog\node_modules\uws\build\binding.sln]
e:\code\hexo\blog\node_modules\uws\src\Libuv.h(155): error C2065: 'loop' : 未宣告的識別項 [E:\code\Hexo\blog\node_modules\uws\build\binding.sln]
e:\code\hexo\blog\node_modules\uws\src\Libuv.h(103): error C2143: 語法錯誤 : 遺漏 ')' (在 '&&' 之前) [E:\code\Hexo\blog\node_modules\uws\build\binding.sln]
e:\code\hexo\blog\node_modules\uws\src\Libuv.h(92): error C2059: 語法錯誤 : '}' [E:\code\Hexo\blog\node_modules\uws\build\binding.sln]
e:\code\hexo\blog\node_modules\uws\src\Libuv.h(155): error C2448: 'stop' : 函式樣式初始設定式似乎是函式定義 [E:\code\Hexo\blog\node_modules\uws\build\binding.sln]
e:\code\hexo\blog\node_modules\uws\src\Libuv.h(103): error C2143: 語法錯誤 : 遺漏 ';' (在 '&&' 之前) [E:\code\Hexo\blog\node_modules\uws\build\binding.sln]
e:\code\hexo\blog\node_modules\uws\src\Libuv.h(98): error C2061: 語法錯誤 : 識別項 'Loop' [E:\code\Hexo\blog\node_modules\uws\build\binding.sln]
e:\code\hexo\blog\node_modules\uws\src\Libuv.h(159): error C2065: 'Loop' : 未宣告的識別項 [E:\code\Hexo\blog\node_modules\uws\build\binding.sln]
e:\code\hexo\blog\node_modules\uws\src\Libuv.h(103): error C2652: 'Poll' : 複製建構函式不合法: 第一個參數不能是 'Poll' [E:\code\Hexo\blog\node_modules\uws\build\binding.sln]
e:\code\hexo\blog\node_modules\uws\src\Libuv.h(103): error C2143: 語法錯誤 : 遺漏 ')' (在 '&&' 之前) [E:\code\Hexo\blog\node_modules\uws\build\binding.sln]
e:\code\hexo\blog\node_modules\uws\src\Libuv.h(159): error C2065: 'loop' : 未宣告的識別項 [E:\code\Hexo\blog\node_modules\uws\build\binding.sln]
e:\code\hexo\blog\node_modules\uws\src\Libuv.h(103): error C2059: 語法錯誤 : ')' [E:\code\Hexo\blog\node_modules\uws\build\binding.sln]
e:\code\hexo\blog\node_modules\uws\src\Libuv.h(103): error C2143: 語法錯誤 : 遺漏 ';' (在 '&&' 之前) [E:\code\Hexo\blog\node_modules\uws\build\binding.sln]
e:\code\hexo\blog\node_modules\uws\src\Libuv.h(159): error C2065: 'Loop' : 未宣告的識別項 [E:\code\Hexo\blog\node_modules\uws\build\binding.sln]
e:\code\hexo\blog\node_modules\uws\src\Libuv.h(103): error C2334: 在 '{' 之前有未預期的語彙基元; 略過函式主體 [E:\code\Hexo\blog\node_modules\uws\build\binding.sln]
e:\code\hexo\blog\node_modules\uws\src\Libuv.h(103): error C2652: 'Poll' : 複製建構函式不合法: 第一個參數不能是 'Poll' [E:\code\Hexo\blog\node_modules\uws\build\binding.sln]
e:\code\hexo\blog\node_modules\uws\src\Libuv.h(159): error C2065: 'newLoop' : 未宣告的識別項 [E:\code\Hexo\blog\node_modules\uws\build\binding.sln]
e:\code\hexo\blog\node_modules\uws\src\Libuv.h(109): error C2059: 語法錯誤 : ';' [E:\code\Hexo\blog\node_modules\uws\build\binding.sln]
e:\code\hexo\blog\node_modules\uws\src\Libuv.h(103): error C2059: 語法錯誤 : ')' [E:\code\Hexo\blog\node_modules\uws\build\binding.sln]
e:\code\hexo\blog\node_modules\uws\src\Libuv.h(159): error C2062: 未預期的型別 'int' [E:\code\Hexo\blog\node_modules\uws\build\binding.sln]
e:\code\hexo\blog\node_modules\uws\src\Libuv.h(109): error C2238: 在 ';' 之前有未預期的語彙基元 [E:\code\Hexo\blog\node_modules\uws\build\binding.sln]
e:\code\hexo\blog\node_modules\uws\src\Libuv.h(103): error C2334: 在 '{' 之前有未預期的語彙基元; 略過函式主體 [E:\code\Hexo\blog\node_modules\uws\build\binding.sln]
e:\code\hexo\blog\node_modules\uws\src\Libuv.h(159): error C2143: 語法錯誤 : 遺漏 ';' (在 '{' 之前) [E:\code\Hexo\blog\node_modules\uws\build\binding.sln]
e:\code\hexo\blog\node_modules\uws\src\Libuv.h(109): error C2059: 語法錯誤 : ';' [E:\code\Hexo\blog\node_modules\uws\build\binding.sln]
e:\code\hexo\blog\node_modules\uws\src\Libuv.h(137): error C2061: 語法錯誤 : 識別項 'Loop' [E:\code\Hexo\blog\node_modules\uws\build\binding.sln]
e:\code\hexo\blog\node_modules\uws\src\Libuv.h(159): error C2447: '{' : 遺漏函式標頭 (舊樣式型式清單?) [E:\code\Hexo\blog\node_modules\uws\build\binding.sln]
e:\code\hexo\blog\node_modules\uws\src\Libuv.h(109): error C2238: 在 ';' 之前有未預期的語彙基元 [E:\code\Hexo\blog\node_modules\uws\build\binding.sln]
e:\code\hexo\blog\node_modules\uws\src\Libuv.h(143): error C2061: 語法錯誤 : 識別項 'Loop' [E:\code\Hexo\blog\node_modules\uws\build\binding.sln]
e:\code\hexo\blog\node_modules\uws\src\Libuv.h(163): error C2065: 'Loop' : 未宣告的識別項 [E:\code\Hexo\blog\node_modules\uws\build\binding.sln]
e:\code\hexo\blog\node_modules\uws\src\Libuv.h(137): error C2061: 語法錯誤 : 識別項 'Loop' [E:\code\Hexo\blog\node_modules\uws\build\binding.sln]
e:\code\hexo\blog\node_modules\uws\src\Libuv.h(148): error C2958: 找到沒有正確對應的左括號 '(' (於 'e:\code\hexo\blog\node_modules\uws\src\libuv.h(145)' [E:\code\Hexo\blog\node_modules\uws\build\binding.sln]
e:\code\hexo\blog\node_modules\uws\src\Libuv.h(163): error C2059: 語法錯誤 : ',' [E:\code\Hexo\blog\node_modules\uws\build\binding.sln]
e:\code\hexo\blog\node_modules\uws\src\Libuv.h(143): error C2061: 語法錯誤 : 識別項 'Loop' [E:\code\Hexo\blog\node_modules\uws\build\binding.sln]
e:\code\hexo\blog\node_modules\uws\src\Libuv.h(148): error C2059: 語法錯誤 : ')' [E:\code\Hexo\blog\node_modules\uws\build\binding.sln]
e:\code\hexo\blog\node_modules\uws\src\Libuv.h(163): error C2143: 語法錯誤 : 遺漏 ';' (在 '{' 之前) [E:\code\Hexo\blog\node_modules\uws\build\binding.sln]
e:\code\hexo\blog\node_modules\uws\src\Libuv.h(148): error C2958: 找到沒有正確對應的左括號 '(' (於 'e:\code\hexo\blog\node_modules\uws\src\libuv.h(145)' [E:\code\Hexo\blog\node_modules\uws\build\binding.sln]
e:\code\hexo\blog\node_modules\uws\src\Libuv.h(163): error C2447: '{' : 遺漏函式標頭 (舊樣式型式清單?) [E:\code\Hexo\blog\node_modules\uws\build\binding.sln]
e:\code\hexo\blog\node_modules\uws\src\Libuv.h(151): error C2628: 'Poll' 之後接續 'void' 不合法 (是否缺少 ';'?) [E:\code\Hexo\blog\node_modules\uws\build\binding.sln]
e:\code\hexo\blog\node_modules\uws\src\Libuv.h(148): error C2059: 語法錯誤 : ')' [E:\code\Hexo\blog\node_modules\uws\build\binding.sln]
e:\code\hexo\blog\node_modules\uws\src\Libuv.h(167): error C2065: 'Loop' : 未宣告的識別項 [E:\code\Hexo\blog\node_modules\uws\build\binding.sln]
e:\code\hexo\blog\node_modules\uws\src\Libuv.h(151): error C2065: 'Loop' : 未宣告的識別項 [E:\code\Hexo\blog\node_modules\uws\build\binding.sln]
e:\code\hexo\blog\node_modules\uws\src\Libuv.h(167): error C2065: 'loop' : 未宣告的識別項 [E:\code\Hexo\blog\node_modules\uws\build\binding.sln]
e:\code\hexo\blog\node_modules\uws\src\Libuv.h(151): error C2628: 'Poll' 之後接續 'void' 不合法 (是否缺少 ';'?) [E:\code\Hexo\blog\node_modules\uws\build\binding.sln]
e:\code\hexo\blog\node_modules\uws\src\Libuv.h(151): error C2059: 語法錯誤 : ',' [E:\code\Hexo\blog\node_modules\uws\build\binding.sln]
e:\code\hexo\blog\node_modules\uws\src\Libuv.h(167): error C2065: 'cb' : 未宣告的識別項 [E:\code\Hexo\blog\node_modules\uws\build\binding.sln]
e:\code\hexo\blog\node_modules\uws\src\Libuv.h(151): error C2065: 'Loop' : 未宣告的識別項 [E:\code\Hexo\blog\node_modules\uws\build\binding.sln]
e:\code\hexo\blog\node_modules\uws\src\Libuv.h(151): error C2143: 語法錯誤 : 遺漏 ';' (在 '{' 之前) [E:\code\Hexo\blog\node_modules\uws\build\binding.sln]
e:\code\hexo\blog\node_modules\uws\src\Libuv.h(167): error C2059: 語法錯誤 : ')' [E:\code\Hexo\blog\node_modules\uws\build\binding.sln]
e:\code\hexo\blog\node_modules\uws\src\Libuv.h(151): error C2059: 語法錯誤 : ',' [E:\code\Hexo\blog\node_modules\uws\build\binding.sln]
e:\code\hexo\blog\node_modules\uws\src\Libuv.h(100): error C2065: 'loop' : 未宣告的識別項 [E:\code\Hexo\blog\node_modules\uws\build\binding.sln]
e:\code\hexo\blog\node_modules\uws\src\Libuv.h(167): error C2143: 語法錯誤 : 遺漏 ';' (在 '{' 之前) [E:\code\Hexo\blog\node_modules\uws\build\binding.sln]
e:\code\hexo\blog\node_modules\uws\src\Libuv.h(151): error C2143: 語法錯誤 : 遺漏 ';' (在 '{' 之前) [E:\code\Hexo\blog\node_modules\uws\build\binding.sln]
e:\code\hexo\blog\node_modules\uws\src\Libuv.h(100): error C2065: 'fd' : 未宣告的識別項 [E:\code\Hexo\blog\node_modules\uws\build\binding.sln]
e:\code\hexo\blog\node_modules\uws\src\Libuv.h(167): error C2447: '{' : 遺漏函式標頭 (舊樣式型式清單?) [E:\code\Hexo\blog\node_modules\uws\build\binding.sln]
e:\code\hexo\blog\node_modules\uws\src\Libuv.h(100): error C2065: 'loop' : 未宣告的識別項 [E:\code\Hexo\blog\node_modules\uws\build\binding.sln]
e:\code\hexo\blog\node_modules\uws\src\Libuv.h(175): error C2059: 語法錯誤 : '}' [E:\code\Hexo\blog\node_modules\uws\build\binding.sln]
e:\code\hexo\blog\node_modules\uws\src\Libuv.h(140): error C2065: 'loop' : 未宣告的識別項 [E:\code\Hexo\blog\node_modules\uws\build\binding.sln]
e:\code\hexo\blog\node_modules\uws\src\Libuv.h(100): error C2065: 'fd' : 未宣告的識別項 [E:\code\Hexo\blog\node_modules\uws\build\binding.sln]
e:\code\hexo\blog\node_modules\uws\src\Libuv.h(175): error C2143: 語法錯誤 : 遺漏 ';' (在 '}' 之前) [E:\code\Hexo\blog\node_modules\uws\build\binding.sln]
e:\code\hexo\blog\node_modules\uws\src\Libuv.h(140): error C2065: 'fd' : 未宣告的識別項 [E:\code\Hexo\blog\node_modules\uws\build\binding.sln]
e:\code\hexo\blog\node_modules\uws\src\Libuv.h(175): error C2059: 語法錯誤 : '}' [E:\code\Hexo\blog\node_modules\uws\build\binding.sln]
e:\code\hexo\blog\node_modules\uws\src\Libuv.h(144): error C2065: 'self' : 未宣告的識別項 [E:\code\Hexo\blog\node_modules\uws\build\binding.sln]
e:\code\hexo\blog\node_modules\uws\src\Libuv.h(177): error C2059: 語法錯誤 : '}' [E:\code\Hexo\blog\node_modules\uws\build\binding.sln]
e:\code\hexo\blog\node_modules\uws\src\Libuv.h(145): error C2065: 'events' : 未宣告的識別項 [E:\code\Hexo\blog\node_modules\uws\build\binding.sln]
e:\code\hexo\blog\node_modules\uws\src\Libuv.h(177): error C2143: 語法錯誤 : 遺漏 ';' (在 '}' 之前) [E:\code\Hexo\blog\node_modules\uws\build\binding.sln]
e:\code\hexo\blog\node_modules\uws\src\Libuv.h(145): error C2059: 語法錯誤 : '[' [E:\code\Hexo\blog\node_modules\uws\build\binding.sln]
e:\code\hexo\blog\node_modules\uws\src\Libuv.h(140): error C2065: 'loop' : 未宣告的識別項 [E:\code\Hexo\blog\node_modules\uws\build\binding.sln]
e:\code\hexo\blog\node_modules\uws\src\Libuv.h(177): error C2059: 語法錯誤 : '}' [E:\code\Hexo\blog\node_modules\uws\build\binding.sln]
e:\code\hexo\blog\node_modules\uws\src\Libuv.h(145): error C2143: 語法錯誤 : 遺漏 ')' (在 '{' 之前) [E:\code\Hexo\blog\node_modules\uws\build\binding.sln]
e:\code\hexo\blog\node_modules\uws\src\Libuv.h(140): error C2065: 'fd' : 未宣告的識別項 [E:\code\Hexo\blog\node_modules\uws\build\binding.sln]
e:\code\hexo\blog\node_modules\uws\src\Libuv.h(145): error C2143: 語法錯誤 : 遺漏 ';' (在 '{' 之前) [E:\code\Hexo\blog\node_modules\uws\build\binding.sln]
e:\code\hexo\blog\node_modules\uws\src\Libuv.h(144): error C2065: 'self' : 未宣告的識別項 [E:\code\Hexo\blog\node_modules\uws\build\binding.sln]
e:\code\hexo\blog\node_modules\uws\src\Libuv.h(146): error C2065: 'p' : 未宣告的識別項 [E:\code\Hexo\blog\node_modules\uws\build\binding.sln]
e:\code\hexo\blog\node_modules\uws\src\Libuv.h(145): error C2065: 'events' : 未宣告的識別項 [E:\code\Hexo\blog\node_modules\uws\build\binding.sln]
e:\code\hexo\blog\node_modules\uws\src\Libuv.h(146): error C2227: '->data' 的左邊必須指向類別/結構/等位/泛型型別 [E:\code\Hexo\blog\node_modules\uws\build\binding.sln]
e:\code\hexo\blog\node_modules\uws\src\Libuv.h(145): error C2059: 語法錯誤 : '[' [E:\code\Hexo\blog\node_modules\uws\build\binding.sln]
e:\code\hexo\blog\node_modules\uws\src\Libuv.h(147): error C2065: 'status' : 未宣告的識別項 [E:\code\Hexo\blog\node_modules\uws\build\binding.sln]
e:\code\hexo\blog\node_modules\uws\src\Libuv.h(145): error C2143: 語法錯誤 : 遺漏 ')' (在 '{' 之前) [E:\code\Hexo\blog\node_modules\uws\build\binding.sln]
e:\code\hexo\blog\node_modules\uws\src\Libuv.h(147): error C2065: 'events' : 未宣告的識別項 [E:\code\Hexo\blog\node_modules\uws\build\binding.sln]
e:\code\hexo\blog\node_modules\uws\src\Libuv.h(145): error C2143: 語法錯誤 : 遺漏 ';' (在 '{' 之前) [E:\code\Hexo\blog\node_modules\uws\build\binding.sln]
e:\code\hexo\blog\node_modules\uws\src\Libuv.h(151): error C2447: '{' : 遺漏函式標頭 (舊樣式型式清單?) [E:\code\Hexo\blog\node_modules\uws\build\binding.sln]
e:\code\hexo\blog\node_modules\uws\src\Libuv.h(146): error C2065: 'p' : 未宣告的識別項 [E:\code\Hexo\blog\node_modules\uws\build\binding.sln]
e:\code\hexo\blog\node_modules\uws\src\Libuv.h(155): error C2065: 'Loop' : 未宣告的識別項 [E:\code\Hexo\blog\node_modules\uws\build\binding.sln]
e:\code\hexo\blog\node_modules\uws\src\Libuv.h(146): error C2227: '->data' 的左邊必須指向類別/結構/等位/泛型型別 [E:\code\Hexo\blog\node_modules\uws\build\binding.sln]
e:\code\hexo\blog\node_modules\uws\src\Libuv.h(155): error C2065: 'loop' : 未宣告的識別項 [E:\code\Hexo\blog\node_modules\uws\build\binding.sln]
e:\code\hexo\blog\node_modules\uws\src\Libuv.h(147): error C2065: 'status' : 未宣告的識別項 [E:\code\Hexo\blog\node_modules\uws\build\binding.sln]
e:\code\hexo\blog\node_modules\uws\src\Libuv.h(155): error C2448: 'stop' : 函式樣式初始設定式似乎是函式定義 [E:\code\Hexo\blog\node_modules\uws\build\binding.sln]
e:\code\hexo\blog\node_modules\uws\src\Libuv.h(147): error C2065: 'events' : 未宣告的識別項 [E:\code\Hexo\blog\node_modules\uws\build\binding.sln]
e:\code\hexo\blog\node_modules\uws\src\Libuv.h(159): error C2065: 'Loop' : 未宣告的識別項 [E:\code\Hexo\blog\node_modules\uws\build\binding.sln]
e:\code\hexo\blog\node_modules\uws\src\Libuv.h(151): error C2447: '{' : 遺漏函式標頭 (舊樣式型式清單?) [E:\code\Hexo\blog\node_modules\uws\build\binding.sln]
e:\code\hexo\blog\node_modules\uws\src\Libuv.h(159): error C2065: 'loop' : 未宣告的識別項 [E:\code\Hexo\blog\node_modules\uws\build\binding.sln]
e:\code\hexo\blog\node_modules\uws\src\Libuv.h(155): error C2065: 'Loop' : 未宣告的識別項 [E:\code\Hexo\blog\node_modules\uws\build\binding.sln]
e:\code\hexo\blog\node_modules\uws\src\Libuv.h(159): error C2065: 'Loop' : 未宣告的識別項 [E:\code\Hexo\blog\node_modules\uws\build\binding.sln]
c:\users\z17023031\.node-gyp\8.11.1\include\node\openssl\./archs/VC-WIN64A/opensslconf.h(5): error C2143: 語法錯誤 : 遺漏 ';' (在 '{' 之前) [E:\code\Hexo\blog\node_modules\uws\build\binding.sln]
e:\code\hexo\blog\node_modules\uws\src\Libuv.h(155): error C2065: 'loop' : 未宣告的識別項 [E:\code\Hexo\blog\node_modules\uws\build\binding.sln]
e:\code\hexo\blog\node_modules\uws\src\Libuv.h(159): error C2065: 'newLoop' : 未宣告的識別項 [E:\code\Hexo\blog\node_modules\uws\build\binding.sln]
c:\users\z17023031\.node-gyp\8.11.1\include\node\openssl\./archs/VC-WIN64A/opensslconf.h(5): error C2447: '{' : 遺漏函式標頭 (舊樣式型式清單?) [E:\code\Hexo\blog\node_modules\uws\build\binding.sln]
e:\code\hexo\blog\node_modules\uws\src\Libuv.h(155): error C2448: 'stop' : 函式樣式初始設定式似乎是函式定義 [E:\code\Hexo\blog\node_modules\uws\build\binding.sln]
e:\code\hexo\blog\node_modules\uws\src\Libuv.h(159): error C2062: 未預期的型別 'int' [E:\code\Hexo\blog\node_modules\uws\build\binding.sln]
e:\code\hexo\blog\node_modules\uws\src\Libuv.h(159): error C2065: 'Loop' : 未宣告的識別項 [E:\code\Hexo\blog\node_modules\uws\build\binding.sln]
e:\code\hexo\blog\node_modules\uws\src\Libuv.h(159): error C2143: 語法錯誤 : 遺漏 ';' (在 '{' 之前) [E:\code\Hexo\blog\node_modules\uws\build\binding.sln]
e:\code\hexo\blog\node_modules\uws\src\Libuv.h(159): error C2065: 'loop' : 未宣告的識別項 [E:\code\Hexo\blog\node_modules\uws\build\binding.sln]
e:\code\hexo\blog\node_modules\uws\src\Libuv.h(159): error C2447: '{' : 遺漏函式標頭 (舊樣式型式清單?) [E:\code\Hexo\blog\node_modules\uws\build\binding.sln]
e:\code\hexo\blog\node_modules\uws\src\Libuv.h(159): error C2065: 'Loop' : 未宣告的識別項 [E:\code\Hexo\blog\node_modules\uws\build\binding.sln]
e:\code\hexo\blog\node_modules\uws\src\Libuv.h(163): error C2065: 'Loop' : 未宣告的識別項 [E:\code\Hexo\blog\node_modules\uws\build\binding.sln]
e:\code\hexo\blog\node_modules\uws\src\Libuv.h(159): error C2065: 'newLoop' : 未宣告的識別項 [E:\code\Hexo\blog\node_modules\uws\build\binding.sln]
e:\code\hexo\blog\node_modules\uws\src\Libuv.h(163): error C2059: 語法錯誤 : ',' [E:\code\Hexo\blog\node_modules\uws\build\binding.sln]
e:\code\hexo\blog\node_modules\uws\src\Libuv.h(159): error C2062: 未預期的型別 'int' [E:\code\Hexo\blog\node_modules\uws\build\binding.sln]
e:\code\hexo\blog\node_modules\uws\src\Libuv.h(163): error C2143: 語法錯誤 : 遺漏 ';' (在 '{' 之前) [E:\code\Hexo\blog\node_modules\uws\build\binding.sln]
e:\code\hexo\blog\node_modules\uws\src\Libuv.h(159): error C2143: 語法錯誤 : 遺漏 ';' (在 '{' 之前) [E:\code\Hexo\blog\node_modules\uws\build\binding.sln]
e:\code\hexo\blog\node_modules\uws\src\Libuv.h(163): error C2447: '{' : 遺漏函式標頭 (舊樣式型式清單?) [E:\code\Hexo\blog\node_modules\uws\build\binding.sln]
e:\code\hexo\blog\node_modules\uws\src\Libuv.h(159): error C2447: '{' : 遺漏函式標頭 (舊樣式型式清單?) [E:\code\Hexo\blog\node_modules\uws\build\binding.sln]
e:\code\hexo\blog\node_modules\uws\src\Libuv.h(167): error C2065: 'Loop' : 未宣告的識別項 [E:\code\Hexo\blog\node_modules\uws\build\binding.sln]
e:\code\hexo\blog\node_modules\uws\src\Libuv.h(163): error C2065: 'Loop' : 未宣告的識別項 [E:\code\Hexo\blog\node_modules\uws\build\binding.sln]
e:\code\hexo\blog\node_modules\uws\src\Libuv.h(167): error C2065: 'loop' : 未宣告的識別項 [E:\code\Hexo\blog\node_modules\uws\build\binding.sln]
e:\code\hexo\blog\node_modules\uws\src\Libuv.h(163): error C2059: 語法錯誤 : ',' [E:\code\Hexo\blog\node_modules\uws\build\binding.sln]
e:\code\hexo\blog\node_modules\uws\src\Libuv.h(167): error C2065: 'cb' : 未宣告的識別項 [E:\code\Hexo\blog\node_modules\uws\build\binding.sln]
e:\code\hexo\blog\node_modules\uws\src\Libuv.h(163): error C2143: 語法錯誤 : 遺漏 ';' (在 '{' 之前) [E:\code\Hexo\blog\node_modules\uws\build\binding.sln]
e:\code\hexo\blog\node_modules\uws\src\Libuv.h(167): error C2059: 語法錯誤 : ')' [E:\code\Hexo\blog\node_modules\uws\build\binding.sln]
e:\code\hexo\blog\node_modules\uws\src\Libuv.h(163): error C2447: '{' : 遺漏函式標頭 (舊樣式型式清單?) [E:\code\Hexo\blog\node_modules\uws\build\binding.sln]
e:\code\hexo\blog\node_modules\uws\src\Libuv.h(167): error C2143: 語法錯誤 : 遺漏 ';' (在 '{' 之前) [E:\code\Hexo\blog\node_modules\uws\build\binding.sln]
e:\code\hexo\blog\node_modules\uws\src\Libuv.h(167): error C2065: 'Loop' : 未宣告的識別項 [E:\code\Hexo\blog\node_modules\uws\build\binding.sln]
e:\code\hexo\blog\node_modules\uws\src\Libuv.h(167): error C2447: '{' : 遺漏函式標頭 (舊樣式型式清單?) [E:\code\Hexo\blog\node_modules\uws\build\binding.sln]
e:\code\hexo\blog\node_modules\uws\src\Libuv.h(167): error C2065: 'loop' : 未宣告的識別項 [E:\code\Hexo\blog\node_modules\uws\build\binding.sln]
e:\code\hexo\blog\node_modules\uws\src\Libuv.h(175): error C2059: 語法錯誤 : '}' [E:\code\Hexo\blog\node_modules\uws\build\binding.sln]
e:\code\hexo\blog\node_modules\uws\src\Libuv.h(167): error C2065: 'cb' : 未宣告的識別項 [E:\code\Hexo\blog\node_modules\uws\build\binding.sln]
e:\code\hexo\blog\node_modules\uws\src\Libuv.h(175): error C2143: 語法錯誤 : 遺漏 ';' (在 '}' 之前) [E:\code\Hexo\blog\node_modules\uws\build\binding.sln]
e:\code\hexo\blog\node_modules\uws\src\Libuv.h(167): error C2059: 語法錯誤 : ')' [E:\code\Hexo\blog\node_modules\uws\build\binding.sln]
e:\code\hexo\blog\node_modules\uws\src\Libuv.h(175): error C2059: 語法錯誤 : '}' [E:\code\Hexo\blog\node_modules\uws\build\binding.sln]
e:\code\hexo\blog\node_modules\uws\src\Libuv.h(167): error C2143: 語法錯誤 : 遺漏 ';' (在 '{' 之前) [E:\code\Hexo\blog\node_modules\uws\build\binding.sln]
e:\code\hexo\blog\node_modules\uws\src\Libuv.h(177): error C2059: 語法錯誤 : '}' [E:\code\Hexo\blog\node_modules\uws\build\binding.sln]
e:\code\hexo\blog\node_modules\uws\src\Libuv.h(167): error C2447: '{' : 遺漏函式標頭 (舊樣式型式清單?) [E:\code\Hexo\blog\node_modules\uws\build\binding.sln]
e:\code\hexo\blog\node_modules\uws\src\Libuv.h(177): error C2143: 語法錯誤 : 遺漏 ';' (在 '}' 之前) [E:\code\Hexo\blog\node_modules\uws\build\binding.sln]
e:\code\hexo\blog\node_modules\uws\src\Libuv.h(175): error C2059: 語法錯誤 : '}' [E:\code\Hexo\blog\node_modules\uws\build\binding.sln]
e:\code\hexo\blog\node_modules\uws\src\Libuv.h(177): error C2059: 語法錯誤 : '}' [E:\code\Hexo\blog\node_modules\uws\build\binding.sln]
e:\code\hexo\blog\node_modules\uws\src\Libuv.h(175): error C2143: 語法錯誤 : 遺漏 ';' (在 '}' 之前) [E:\code\Hexo\blog\node_modules\uws\build\binding.sln]
e:\code\hexo\blog\node_modules\uws\src\Libuv.h(175): error C2059: 語法錯誤 : '}' [E:\code\Hexo\blog\node_modules\uws\build\binding.sln]
e:\code\hexo\blog\node_modules\uws\src\Libuv.h(177): error C2059: 語法錯誤 : '}' [E:\code\Hexo\blog\node_modules\uws\build\binding.sln]
e:\code\hexo\blog\node_modules\uws\src\Libuv.h(177): error C2143: 語法錯誤 : 遺漏 ';' (在 '}' 之前) [E:\code\Hexo\blog\node_modules\uws\build\binding.sln]
e:\code\hexo\blog\node_modules\uws\src\Libuv.h(177): error C2059: 語法錯誤 : '}' [E:\code\Hexo\blog\node_modules\uws\build\binding.sln]
c:\users\z17023031\.node-gyp\8.11.1\include\node\openssl\./archs/VC-WIN64A/opensslconf.h(5): error C2143: 語法錯誤 : 遺漏 ';' (在 '{' 之前) [E:\code\Hexo\blog\node_modules\uws\build\binding.sln]
c:\users\z17023031\.node-gyp\8.11.1\include\node\openssl\./archs/VC-WIN64A/opensslconf.h(5): error C2447: '{' : 遺漏函式標頭 (舊樣式型式清單?) [E:\code\Hexo\blog\node_modules\uws\build\binding.sln]
c:\users\z17023031\.node-gyp\8.11.1\include\node\openssl\./archs/VC-WIN64A/opensslconf.h(5): error C2143: 語法錯誤 : 遺漏 ';' (在 '{' 之前) [E:\code\Hexo\blog\node_modules\uws\build\binding.sln]
c:\users\z17023031\.node-gyp\8.11.1\include\node\openssl\./archs/VC-WIN64A/opensslconf.h(5): error C2447: '{' : 遺漏函式標頭 (舊樣式型式清單?) [E:\code\Hexo\blog\node_modules\uws\build\binding.sln]
e:\code\hexo\blog\node_modules\uws\src\Networking.h(74): fatal error C1083: 無法開啟包含檔案: 'mutex': No such file or directory [E:\code\Hexo\blog\node_modules\uws\build\binding.sln]
e:\code\hexo\blog\node_modules\uws\src\Networking.h(74): fatal error C1083: 無法開啟包含檔案: 'mutex': No such file or directory [E:\code\Hexo\blog\node_modules\uws\build\binding.sln]
e:\code\hexo\blog\node_modules\uws\src\Networking.h(74): fatal error C1083: 無法開啟包含檔案: 'mutex': No such file or directory [E:\code\Hexo\blog\node_modules\uws\build\binding.sln]
e:\code\hexo\blog\node_modules\uws\src\Networking.h(74): fatal error C1083: 無法開啟包含檔案: 'mutex': No such file or directory [E:\code\Hexo\blog\node_modules\uws\build\binding.sln]
e:\code\hexo\blog\node_modules\uws\src\Libuv.h(5): error C4430: 遺漏型別規範 - 假設為 int。注意: C++ 不支援 default-int [E:\code\Hexo\blog\node_modules\uws\build\binding.sln]
e:\code\hexo\blog\node_modules\uws\src\Libuv.h(5): error C2078: 初始設定式太多 [E:\code\Hexo\blog\node_modules\uws\build\binding.sln]
e:\code\hexo\blog\node_modules\uws\src\Libuv.h(5): error C2440: '正在初始化' : 無法由 'const char [36]' 轉換為 'int' [E:\code\Hexo\blog\node_modules\uws\build\binding.sln]
e:\code\hexo\blog\node_modules\uws\src\Libuv.h(47): error C2958: 找到沒有正確對應的左括號 '(' (於 'e:\code\hexo\blog\node_modules\uws\src\libuv.h(45)' [E:\code\Hexo\blog\node_modules\uws\build\binding.sln]
e:\code\hexo\blog\node_modules\uws\src\Libuv.h(47): error C2059: 語法錯誤 : ')' [E:\code\Hexo\blog\node_modules\uws\build\binding.sln]
e:\code\hexo\blog\node_modules\uws\src\Libuv.h(50): error C2628: 'uS::Async' 之後接續 'void' 不合法 (是否缺少 ';'?) [E:\code\Hexo\blog\node_modules\uws\build\binding.sln]
e:\code\hexo\blog\node_modules\uws\src\Libuv.h(51): error C2065: 'uv_async' : 未宣告的識別項 [E:\code\Hexo\blog\node_modules\uws\build\binding.sln]
e:\code\hexo\blog\node_modules\uws\src\Libuv.h(51): error C2228: '.data' 的左邊必須有類別/結構/等位 [E:\code\Hexo\blog\node_modules\uws\build\binding.sln]
e:\code\hexo\blog\node_modules\uws\src\Libuv.h(45): error C2059: 語法錯誤 : '[' [E:\code\Hexo\blog\node_modules\uws\build\binding.sln]
e:\code\hexo\blog\node_modules\uws\src\Libuv.h(45): error C2143: 語法錯誤 : 遺漏 ')' (在 '{' 之前) [E:\code\Hexo\blog\node_modules\uws\build\binding.sln]
e:\code\hexo\blog\node_modules\uws\src\Libuv.h(5): error C4430: 遺漏型別規範 - 假設為 int。注意: C++ 不支援 default-int [E:\code\Hexo\blog\node_modules\uws\build\binding.sln]
e:\code\hexo\blog\node_modules\uws\src\Libuv.h(45): error C2143: 語法錯誤 : 遺漏 ';' (在 '{' 之前) [E:\code\Hexo\blog\node_modules\uws\build\binding.sln]
e:\code\hexo\blog\node_modules\uws\src\Libuv.h(5): error C2078: 初始設定式太多 [E:\code\Hexo\blog\node_modules\uws\build\binding.sln]
e:\code\hexo\blog\node_modules\uws\src\Libuv.h(46): error C2065: 'a' : 未宣告的識別項 [E:\code\Hexo\blog\node_modules\uws\build\binding.sln]
e:\code\hexo\blog\node_modules\uws\src\Libuv.h(5): error C2440: '正在初始化' : 無法由 'const char [36]' 轉換為 'int' [E:\code\Hexo\blog\node_modules\uws\build\binding.sln]
e:\code\hexo\blog\node_modules\uws\src\Libuv.h(46): error C2541: 'delete' : 無法刪除不是指標的物件 [E:\code\Hexo\blog\node_modules\uws\build\binding.sln]
e:\code\hexo\blog\node_modules\uws\src\Libuv.h(47): error C2958: 找到沒有正確對應的左括號 '(' (於 'e:\code\hexo\blog\node_modules\uws\src\libuv.h(45)' [E:\code\Hexo\blog\node_modules\uws\build\binding.sln]
e:\code\hexo\blog\node_modules\uws\src\Libuv.h(55): error C2065: 'uv_async' : 未宣告的識別項 [E:\code\Hexo\blog\node_modules\uws\build\binding.sln]
e:\code\hexo\blog\node_modules\uws\src\Libuv.h(47): error C2059: 語法錯誤 : ')' [E:\code\Hexo\blog\node_modules\uws\build\binding.sln]
e:\code\hexo\blog\node_modules\uws\src\Libuv.h(55): error C2228: '.data' 的左邊必須有類別/結構/等位 [E:\code\Hexo\blog\node_modules\uws\build\binding.sln]
e:\code\hexo\blog\node_modules\uws\src\Libuv.h(50): error C2628: 'uS::Async' 之後接續 'void' 不合法 (是否缺少 ';'?) [E:\code\Hexo\blog\node_modules\uws\build\binding.sln]
e:\code\hexo\blog\node_modules\uws\src\Libuv.h(62): error C2061: 語法錯誤 : 識別項 'Loop' [E:\code\Hexo\blog\node_modules\uws\build\binding.sln]
e:\code\hexo\blog\node_modules\uws\src\Libuv.h(51): error C2065: 'uv_async' : 未宣告的識別項 [E:\code\Hexo\blog\node_modules\uws\build\binding.sln]
e:\code\hexo\blog\node_modules\uws\src\Libuv.h(85): error C2958: 找到沒有正確對應的左括號 '(' (於 'e:\code\hexo\blog\node_modules\uws\src\libuv.h(83)' [E:\code\Hexo\blog\node_modules\uws\build\binding.sln]
e:\code\hexo\blog\node_modules\uws\src\Libuv.h(51): error C2228: '.data' 的左邊必須有類別/結構/等位 [E:\code\Hexo\blog\node_modules\uws\build\binding.sln]
e:\code\hexo\blog\node_modules\uws\src\Libuv.h(85): error C2059: 語法錯誤 : ')' [E:\code\Hexo\blog\node_modules\uws\build\binding.sln]
e:\code\hexo\blog\node_modules\uws\src\Libuv.h(45): error C2059: 語法錯誤 : '[' [E:\code\Hexo\blog\node_modules\uws\build\binding.sln]
e:\code\hexo\blog\node_modules\uws\src\Libuv.h(88): error C2059: 語法錯誤 : 'private' [E:\code\Hexo\blog\node_modules\uws\build\binding.sln]
e:\code\hexo\blog\node_modules\uws\src\Libuv.h(45): error C2143: 語法錯誤 : 遺漏 ')' (在 '{' 之前) [E:\code\Hexo\blog\node_modules\uws\build\binding.sln]
e:\code\hexo\blog\node_modules\uws\src\Libuv.h(88): error C2143: 語法錯誤 : 遺漏 ';' (在 ':' 之前) [E:\code\Hexo\blog\node_modules\uws\build\binding.sln]
e:\code\hexo\blog\node_modules\uws\src\Libuv.h(45): error C2143: 語法錯誤 : 遺漏 ';' (在 '{' 之前) [E:\code\Hexo\blog\node_modules\uws\build\binding.sln]
e:\code\hexo\blog\node_modules\uws\src\Libuv.h(88): error C2059: 語法錯誤 : ':' [E:\code\Hexo\blog\node_modules\uws\build\binding.sln]
e:\code\hexo\blog\node_modules\uws\src\Libuv.h(46): error C2065: 'a' : 未宣告的識別項 [E:\code\Hexo\blog\node_modules\uws\build\binding.sln]
e:\code\hexo\blog\node_modules\uws\src\Libuv.h(63): error C2065: 'loop' : 未宣告的識別項 [E:\code\Hexo\blog\node_modules\uws\build\binding.sln]
e:\code\hexo\blog\node_modules\uws\src\Libuv.h(46): error C2541: 'delete' : 無法刪除不是指標的物件 [E:\code\Hexo\blog\node_modules\uws\build\binding.sln]
e:\code\hexo\blog\node_modules\uws\src\Libuv.h(83): error C2059: 語法錯誤 : '[' [E:\code\Hexo\blog\node_modules\uws\build\binding.sln]
e:\code\hexo\blog\node_modules\uws\src\Libuv.h(55): error C2065: 'uv_async' : 未宣告的識別項 [E:\code\Hexo\blog\node_modules\uws\build\binding.sln]
e:\code\hexo\blog\node_modules\uws\src\Libuv.h(83): error C2143: 語法錯誤 : 遺漏 ')' (在 '{' 之前) [E:\code\Hexo\blog\node_modules\uws\build\binding.sln]
e:\code\hexo\blog\node_modules\uws\src\Libuv.h(55): error C2228: '.data' 的左邊必須有類別/結構/等位 [E:\code\Hexo\blog\node_modules\uws\build\binding.sln]
e:\code\hexo\blog\node_modules\uws\src\Libuv.h(83): error C2143: 語法錯誤 : 遺漏 ';' (在 '{' 之前) [E:\code\Hexo\blog\node_modules\uws\build\binding.sln]
e:\code\hexo\blog\node_modules\uws\src\Libuv.h(84): error C2065: 't' : 未宣告的識別項 [E:\code\Hexo\blog\node_modules\uws\build\binding.sln]
e:\code\hexo\blog\node_modules\uws\src\Libuv.h(62): error C2061: 語法錯誤 : 識別項 'Loop' [E:\code\Hexo\blog\node_modules\uws\build\binding.sln]
e:\code\hexo\blog\node_modules\uws\src\Libuv.h(84): error C2541: 'delete' : 無法刪除不是指標的物件 [E:\code\Hexo\blog\node_modules\uws\build\binding.sln]
e:\code\hexo\blog\node_modules\uws\src\Libuv.h(89): error C2588: '::~Timer' : 不合法的全域 解構函式 [E:\code\Hexo\blog\node_modules\uws\build\binding.sln]
e:\code\hexo\blog\node_modules\uws\src\Libuv.h(89): error C4430: 遺漏型別規範 - 假設為 int。注意: C++ 不支援 default-int [E:\code\Hexo\blog\node_modules\uws\build\binding.sln]
e:\code\hexo\blog\node_modules\uws\src\Libuv.h(91): warning C4508: 'Timer' : 函式應傳回值; 假定 'void' 傳回型別 [E:\code\Hexo\blog\node_modules\uws\build\binding.sln]
e:\code\hexo\blog\node_modules\uws\src\Libuv.h(85): error C2958: 找到沒有正確對應的左括號 '(' (於 'e:\code\hexo\blog\node_modules\uws\src\libuv.h(83)' [E:\code\Hexo\blog\node_modules\uws\build\binding.sln]
e:\code\hexo\blog\node_modules\uws\src\Libuv.h(92): error C2059: 語法錯誤 : '}' [E:\code\Hexo\blog\node_modules\uws\build\binding.sln]
e:\code\hexo\blog\node_modules\uws\src\Libuv.h(85): error C2059: 語法錯誤 : ')' [E:\code\Hexo\blog\node_modules\uws\build\binding.sln]
e:\code\hexo\blog\node_modules\uws\src\Libuv.h(92): error C2143: 語法錯誤 : 遺漏 ';' (在 '}' 之前) [E:\code\Hexo\blog\node_modules\uws\build\binding.sln]
e:\code\hexo\blog\node_modules\uws\src\Libuv.h(88): error C2059: 語法錯誤 : 'private' [E:\code\Hexo\blog\node_modules\uws\build\binding.sln]
e:\code\hexo\blog\node_modules\uws\src\Libuv.h(92): error C2059: 語法錯誤 : '}' [E:\code\Hexo\blog\node_modules\uws\build\binding.sln]
e:\code\hexo\blog\node_modules\uws\src\Libuv.h(88): error C2143: 語法錯誤 : 遺漏 ';' (在 ':' 之前) [E:\code\Hexo\blog\node_modules\uws\build\binding.sln]
e:\code\hexo\blog\node_modules\uws\src\Libuv.h(98): error C2061: 語法錯誤 : 識別項 'Loop' [E:\code\Hexo\blog\node_modules\uws\build\binding.sln]
e:\code\hexo\blog\node_modules\uws\src\Libuv.h(88): error C2059: 語法錯誤 : ':' [E:\code\Hexo\blog\node_modules\uws\build\binding.sln]
e:\code\hexo\blog\node_modules\uws\src\Libuv.h(103): error C2143: 語法錯誤 : 遺漏 ')' (在 '&&' 之前) [E:\code\Hexo\blog\node_modules\uws\build\binding.sln]
e:\code\hexo\blog\node_modules\uws\src\Libuv.h(63): error C2065: 'loop' : 未宣告的識別項 [E:\code\Hexo\blog\node_modules\uws\build\binding.sln]
e:\code\hexo\blog\node_modules\uws\src\Libuv.h(103): error C2143: 語法錯誤 : 遺漏 ';' (在 '&&' 之前) [E:\code\Hexo\blog\node_modules\uws\build\binding.sln]
e:\code\hexo\blog\node_modules\uws\src\Libuv.h(103): error C2652: 'Poll' : 複製建構函式不合法: 第一個參數不能是 'Poll' [E:\code\Hexo\blog\node_modules\uws\build\binding.sln]
e:\code\hexo\blog\node_modules\uws\src\Libuv.h(103): error C2059: 語法錯誤 : ')' [E:\code\Hexo\blog\node_modules\uws\build\binding.sln]
e:\code\hexo\blog\node_modules\uws\src\Libuv.h(103): error C2334: 在 '{' 之前有未預期的語彙基元; 略過函式主體 [E:\code\Hexo\blog\node_modules\uws\build\binding.sln]
e:\code\hexo\blog\node_modules\uws\src\Libuv.h(109): error C2059: 語法錯誤 : ';' [E:\code\Hexo\blog\node_modules\uws\build\binding.sln]
e:\code\hexo\blog\node_modules\uws\src\Libuv.h(83): error C2059: 語法錯誤 : '[' [E:\code\Hexo\blog\node_modules\uws\build\binding.sln]
e:\code\hexo\blog\node_modules\uws\src\Libuv.h(109): error C2238: 在 ';' 之前有未預期的語彙基元 [E:\code\Hexo\blog\node_modules\uws\build\binding.sln]
e:\code\hexo\blog\node_modules\uws\src\Libuv.h(83): error C2143: 語法錯誤 : 遺漏 ')' (在 '{' 之前) [E:\code\Hexo\blog\node_modules\uws\build\binding.sln]
e:\code\hexo\blog\node_modules\uws\src\Libuv.h(137): error C2061: 語法錯誤 : 識別項 'Loop' [E:\code\Hexo\blog\node_modules\uws\build\binding.sln]
e:\code\hexo\blog\node_modules\uws\src\Libuv.h(83): error C2143: 語法錯誤 : 遺漏 ';' (在 '{' 之前) [E:\code\Hexo\blog\node_modules\uws\build\binding.sln]
e:\code\hexo\blog\node_modules\uws\src\Libuv.h(143): error C2061: 語法錯誤 : 識別項 'Loop' [E:\code\Hexo\blog\node_modules\uws\build\binding.sln]
e:\code\hexo\blog\node_modules\uws\src\Libuv.h(84): error C2065: 't' : 未宣告的識別項 [E:\code\Hexo\blog\node_modules\uws\build\binding.sln]
e:\code\hexo\blog\node_modules\uws\src\Libuv.h(148): error C2958: 找到沒有正確對應的左括號 '(' (於 'e:\code\hexo\blog\node_modules\uws\src\libuv.h(145)' [E:\code\Hexo\blog\node_modules\uws\build\binding.sln]
e:\code\hexo\blog\node_modules\uws\src\Libuv.h(84): error C2541: 'delete' : 無法刪除不是指標的物件 [E:\code\Hexo\blog\node_modules\uws\build\binding.sln]
e:\code\hexo\blog\node_modules\uws\src\Libuv.h(148): error C2059: 語法錯誤 : ')' [E:\code\Hexo\blog\node_modules\uws\build\binding.sln]
e:\code\hexo\blog\node_modules\uws\src\Libuv.h(89): error C2588: '::~Timer' : 不合法的全域 解構函式 [E:\code\Hexo\blog\node_modules\uws\build\binding.sln]
e:\code\hexo\blog\node_modules\uws\src\Libuv.h(151): error C2628: 'Poll' 之後接續 'void' 不合法 (是否缺少 ';'?) [E:\code\Hexo\blog\node_modules\uws\build\binding.sln]
e:\code\hexo\blog\node_modules\uws\src\Libuv.h(89): error C4430: 遺漏型別規範 - 假設為 int。注意: C++ 不支援 default-int [E:\code\Hexo\blog\node_modules\uws\build\binding.sln]
e:\code\hexo\blog\node_modules\uws\src\Libuv.h(151): error C2065: 'Loop' : 未宣告的識別項 [E:\code\Hexo\blog\node_modules\uws\build\binding.sln]
e:\code\hexo\blog\node_modules\uws\src\Libuv.h(91): warning C4508: 'Timer' : 函式應傳回值; 假定 'void' 傳回型別 [E:\code\Hexo\blog\node_modules\uws\build\binding.sln]
e:\code\hexo\blog\node_modules\uws\src\Libuv.h(151): error C2059: 語法錯誤 : ',' [E:\code\Hexo\blog\node_modules\uws\build\binding.sln]
e:\code\hexo\blog\node_modules\uws\src\Libuv.h(92): error C2059: 語法錯誤 : '}' [E:\code\Hexo\blog\node_modules\uws\build\binding.sln]
e:\code\hexo\blog\node_modules\uws\src\Libuv.h(151): error C2143: 語法錯誤 : 遺漏 ';' (在 '{' 之前) [E:\code\Hexo\blog\node_modules\uws\build\binding.sln]
e:\code\hexo\blog\node_modules\uws\src\Libuv.h(92): error C2143: 語法錯誤 : 遺漏 ';' (在 '}' 之前) [E:\code\Hexo\blog\node_modules\uws\build\binding.sln]
e:\code\hexo\blog\node_modules\uws\src\Libuv.h(100): error C2065: 'loop' : 未宣告的識別項 [E:\code\Hexo\blog\node_modules\uws\build\binding.sln]
e:\code\hexo\blog\node_modules\uws\src\Libuv.h(92): error C2059: 語法錯誤 : '}' [E:\code\Hexo\blog\node_modules\uws\build\binding.sln]
e:\code\hexo\blog\node_modules\uws\src\Libuv.h(100): error C2065: 'fd' : 未宣告的識別項 [E:\code\Hexo\blog\node_modules\uws\build\binding.sln]
e:\code\hexo\blog\node_modules\uws\src\Libuv.h(98): error C2061: 語法錯誤 : 識別項 'Loop' [E:\code\Hexo\blog\node_modules\uws\build\binding.sln]
e:\code\hexo\blog\node_modules\uws\src\Libuv.h(140): error C2065: 'loop' : 未宣告的識別項 [E:\code\Hexo\blog\node_modules\uws\build\binding.sln]
e:\code\hexo\blog\node_modules\uws\src\Libuv.h(103): error C2143: 語法錯誤 : 遺漏 ')' (在 '&&' 之前) [E:\code\Hexo\blog\node_modules\uws\build\binding.sln]
e:\code\hexo\blog\node_modules\uws\src\Libuv.h(140): error C2065: 'fd' : 未宣告的識別項 [E:\code\Hexo\blog\node_modules\uws\build\binding.sln]
e:\code\hexo\blog\node_modules\uws\src\Libuv.h(103): error C2143: 語法錯誤 : 遺漏 ';' (在 '&&' 之前) [E:\code\Hexo\blog\node_modules\uws\build\binding.sln]
e:\code\hexo\blog\node_modules\uws\src\Libuv.h(144): error C2065: 'self' : 未宣告的識別項 [E:\code\Hexo\blog\node_modules\uws\build\binding.sln]
e:\code\hexo\blog\node_modules\uws\src\Libuv.h(103): error C2652: 'Poll' : 複製建構函式不合法: 第一個參數不能是 'Poll' [E:\code\Hexo\blog\node_modules\uws\build\binding.sln]
e:\code\hexo\blog\node_modules\uws\src\Libuv.h(145): error C2065: 'events' : 未宣告的識別項 [E:\code\Hexo\blog\node_modules\uws\build\binding.sln]
e:\code\hexo\blog\node_modules\uws\src\Libuv.h(103): error C2059: 語法錯誤 : ')' [E:\code\Hexo\blog\node_modules\uws\build\binding.sln]
e:\code\hexo\blog\node_modules\uws\src\Libuv.h(145): error C2059: 語法錯誤 : '[' [E:\code\Hexo\blog\node_modules\uws\build\binding.sln]
e:\code\hexo\blog\node_modules\uws\src\Libuv.h(103): error C2334: 在 '{' 之前有未預期的語彙基元; 略過函式主體 [E:\code\Hexo\blog\node_modules\uws\build\binding.sln]
e:\code\hexo\blog\node_modules\uws\src\Libuv.h(145): error C2143: 語法錯誤 : 遺漏 ')' (在 '{' 之前) [E:\code\Hexo\blog\node_modules\uws\build\binding.sln]
e:\code\hexo\blog\node_modules\uws\src\Libuv.h(145): error C2143: 語法錯誤 : 遺漏 ';' (在 '{' 之前) [E:\code\Hexo\blog\node_modules\uws\build\binding.sln]
e:\code\hexo\blog\node_modules\uws\src\Libuv.h(109): error C2059: 語法錯誤 : ';' [E:\code\Hexo\blog\node_modules\uws\build\binding.sln]
e:\code\hexo\blog\node_modules\uws\src\Libuv.h(146): error C2065: 'p' : 未宣告的識別項 [E:\code\Hexo\blog\node_modules\uws\build\binding.sln]
e:\code\hexo\blog\node_modules\uws\src\Libuv.h(109): error C2238: 在 ';' 之前有未預期的語彙基元 [E:\code\Hexo\blog\node_modules\uws\build\binding.sln]
e:\code\hexo\blog\node_modules\uws\src\Libuv.h(146): error C2227: '->data' 的左邊必須指向類別/結構/等位/泛型型別 [E:\code\Hexo\blog\node_modules\uws\build\binding.sln]
e:\code\hexo\blog\node_modules\uws\src\Libuv.h(137): error C2061: 語法錯誤 : 識別項 'Loop' [E:\code\Hexo\blog\node_modules\uws\build\binding.sln]
e:\code\hexo\blog\node_modules\uws\src\Libuv.h(147): error C2065: 'status' : 未宣告的識別項 [E:\code\Hexo\blog\node_modules\uws\build\binding.sln]
e:\code\hexo\blog\node_modules\uws\src\Libuv.h(143): error C2061: 語法錯誤 : 識別項 'Loop' [E:\code\Hexo\blog\node_modules\uws\build\binding.sln]
e:\code\hexo\blog\node_modules\uws\src\Libuv.h(147): error C2065: 'events' : 未宣告的識別項 [E:\code\Hexo\blog\node_modules\uws\build\binding.sln]
e:\code\hexo\blog\node_modules\uws\src\Libuv.h(148): error C2958: 找到沒有正確對應的左括號 '(' (於 'e:\code\hexo\blog\node_modules\uws\src\libuv.h(145)' [E:\code\Hexo\blog\node_modules\uws\build\binding.sln]
e:\code\hexo\blog\node_modules\uws\src\Libuv.h(151): error C2447: '{' : 遺漏函式標頭 (舊樣式型式清單?) [E:\code\Hexo\blog\node_modules\uws\build\binding.sln]
e:\code\hexo\blog\node_modules\uws\src\Libuv.h(148): error C2059: 語法錯誤 : ')' [E:\code\Hexo\blog\node_modules\uws\build\binding.sln]
e:\code\hexo\blog\node_modules\uws\src\Libuv.h(155): error C2065: 'Loop' : 未宣告的識別項 [E:\code\Hexo\blog\node_modules\uws\build\binding.sln]
e:\code\hexo\blog\node_modules\uws\src\Libuv.h(151): error C2628: 'Poll' 之後接續 'void' 不合法 (是否缺少 ';'?) [E:\code\Hexo\blog\node_modules\uws\build\binding.sln]
e:\code\hexo\blog\node_modules\uws\src\Libuv.h(155): error C2065: 'loop' : 未宣告的識別項 [E:\code\Hexo\blog\node_modules\uws\build\binding.sln]
e:\code\hexo\blog\node_modules\uws\src\Libuv.h(151): error C2065: 'Loop' : 未宣告的識別項 [E:\code\Hexo\blog\node_modules\uws\build\binding.sln]
e:\code\hexo\blog\node_modules\uws\src\Libuv.h(155): error C2448: 'stop' : 函式樣式初始設定式似乎是函式定義 [E:\code\Hexo\blog\node_modules\uws\build\binding.sln]
e:\code\hexo\blog\node_modules\uws\src\Libuv.h(151): error C2059: 語法錯誤 : ',' [E:\code\Hexo\blog\node_modules\uws\build\binding.sln]
e:\code\hexo\blog\node_modules\uws\src\Libuv.h(159): error C2065: 'Loop' : 未宣告的識別項 [E:\code\Hexo\blog\node_modules\uws\build\binding.sln]
e:\code\hexo\blog\node_modules\uws\src\Libuv.h(151): error C2143: 語法錯誤 : 遺漏 ';' (在 '{' 之前) [E:\code\Hexo\blog\node_modules\uws\build\binding.sln]
e:\code\hexo\blog\node_modules\uws\src\Libuv.h(159): error C2065: 'loop' : 未宣告的識別項 [E:\code\Hexo\blog\node_modules\uws\build\binding.sln]
e:\code\hexo\blog\node_modules\uws\src\Libuv.h(100): error C2065: 'loop' : 未宣告的識別項 [E:\code\Hexo\blog\node_modules\uws\build\binding.sln]
e:\code\hexo\blog\node_modules\uws\src\Libuv.h(159): error C2065: 'Loop' : 未宣告的識別項 [E:\code\Hexo\blog\node_modules\uws\build\binding.sln]
e:\code\hexo\blog\node_modules\uws\src\Libuv.h(100): error C2065: 'fd' : 未宣告的識別項 [E:\code\Hexo\blog\node_modules\uws\build\binding.sln]
e:\code\hexo\blog\node_modules\uws\src\Libuv.h(159): error C2065: 'newLoop' : 未宣告的識別項 [E:\code\Hexo\blog\node_modules\uws\build\binding.sln]
e:\code\hexo\blog\node_modules\uws\src\Libuv.h(140): error C2065: 'loop' : 未宣告的識別項 [E:\code\Hexo\blog\node_modules\uws\build\binding.sln]
e:\code\hexo\blog\node_modules\uws\src\Libuv.h(159): error C2062: 未預期的型別 'int' [E:\code\Hexo\blog\node_modules\uws\build\binding.sln]
e:\code\hexo\blog\node_modules\uws\src\Libuv.h(140): error C2065: 'fd' : 未宣告的識別項 [E:\code\Hexo\blog\node_modules\uws\build\binding.sln]
e:\code\hexo\blog\node_modules\uws\src\Libuv.h(159): error C2143: 語法錯誤 : 遺漏 ';' (在 '{' 之前) [E:\code\Hexo\blog\node_modules\uws\build\binding.sln]
e:\code\hexo\blog\node_modules\uws\src\Libuv.h(144): error C2065: 'self' : 未宣告的識別項 [E:\code\Hexo\blog\node_modules\uws\build\binding.sln]
e:\code\hexo\blog\node_modules\uws\src\Libuv.h(159): error C2447: '{' : 遺漏函式標頭 (舊樣式型式清單?) [E:\code\Hexo\blog\node_modules\uws\build\binding.sln]
e:\code\hexo\blog\node_modules\uws\src\Libuv.h(145): error C2065: 'events' : 未宣告的識別項 [E:\code\Hexo\blog\node_modules\uws\build\binding.sln]
e:\code\hexo\blog\node_modules\uws\src\Libuv.h(163): error C2065: 'Loop' : 未宣告的識別項 [E:\code\Hexo\blog\node_modules\uws\build\binding.sln]
e:\code\hexo\blog\node_modules\uws\src\Libuv.h(145): error C2059: 語法錯誤 : '[' [E:\code\Hexo\blog\node_modules\uws\build\binding.sln]
e:\code\hexo\blog\node_modules\uws\src\Libuv.h(163): error C2059: 語法錯誤 : ',' [E:\code\Hexo\blog\node_modules\uws\build\binding.sln]
e:\code\hexo\blog\node_modules\uws\src\Libuv.h(145): error C2143: 語法錯誤 : 遺漏 ')' (在 '{' 之前) [E:\code\Hexo\blog\node_modules\uws\build\binding.sln]
e:\code\hexo\blog\node_modules\uws\src\Libuv.h(163): error C2143: 語法錯誤 : 遺漏 ';' (在 '{' 之前) [E:\code\Hexo\blog\node_modules\uws\build\binding.sln]
e:\code\hexo\blog\node_modules\uws\src\Libuv.h(145): error C2143: 語法錯誤 : 遺漏 ';' (在 '{' 之前) [E:\code\Hexo\blog\node_modules\uws\build\binding.sln]
e:\code\hexo\blog\node_modules\uws\src\Libuv.h(163): error C2447: '{' : 遺漏函式標頭 (舊樣式型式清單?) [E:\code\Hexo\blog\node_modules\uws\build\binding.sln]
e:\code\hexo\blog\node_modules\uws\src\Libuv.h(146): error C2065: 'p' : 未宣告的識別項 [E:\code\Hexo\blog\node_modules\uws\build\binding.sln]
e:\code\hexo\blog\node_modules\uws\src\Libuv.h(167): error C2065: 'Loop' : 未宣告的識別項 [E:\code\Hexo\blog\node_modules\uws\build\binding.sln]
e:\code\hexo\blog\node_modules\uws\src\Libuv.h(146): error C2227: '->data' 的左邊必須指向類別/結構/等位/泛型型別 [E:\code\Hexo\blog\node_modules\uws\build\binding.sln]
e:\code\hexo\blog\node_modules\uws\src\Libuv.h(167): error C2065: 'loop' : 未宣告的識別項 [E:\code\Hexo\blog\node_modules\uws\build\binding.sln]
e:\code\hexo\blog\node_modules\uws\src\Libuv.h(147): error C2065: 'status' : 未宣告的識別項 [E:\code\Hexo\blog\node_modules\uws\build\binding.sln]
e:\code\hexo\blog\node_modules\uws\src\Libuv.h(167): error C2065: 'cb' : 未宣告的識別項 [E:\code\Hexo\blog\node_modules\uws\build\binding.sln]
e:\code\hexo\blog\node_modules\uws\src\Libuv.h(147): error C2065: 'events' : 未宣告的識別項 [E:\code\Hexo\blog\node_modules\uws\build\binding.sln]
e:\code\hexo\blog\node_modules\uws\src\Libuv.h(167): error C2059: 語法錯誤 : ')' [E:\code\Hexo\blog\node_modules\uws\build\binding.sln]
e:\code\hexo\blog\node_modules\uws\src\Libuv.h(151): error C2447: '{' : 遺漏函式標頭 (舊樣式型式清單?) [E:\code\Hexo\blog\node_modules\uws\build\binding.sln]
e:\code\hexo\blog\node_modules\uws\src\Libuv.h(167): error C2143: 語法錯誤 : 遺漏 ';' (在 '{' 之前) [E:\code\Hexo\blog\node_modules\uws\build\binding.sln]
e:\code\hexo\blog\node_modules\uws\src\Libuv.h(155): error C2065: 'Loop' : 未宣告的識別項 [E:\code\Hexo\blog\node_modules\uws\build\binding.sln]
e:\code\hexo\blog\node_modules\uws\src\Libuv.h(167): error C2447: '{' : 遺漏函式標頭 (舊樣式型式清單?) [E:\code\Hexo\blog\node_modules\uws\build\binding.sln]
e:\code\hexo\blog\node_modules\uws\src\Libuv.h(155): error C2065: 'loop' : 未宣告的識別項 [E:\code\Hexo\blog\node_modules\uws\build\binding.sln]
e:\code\hexo\blog\node_modules\uws\src\Libuv.h(175): error C2059: 語法錯誤 : '}' [E:\code\Hexo\blog\node_modules\uws\build\binding.sln]
e:\code\hexo\blog\node_modules\uws\src\Libuv.h(155): error C2448: 'stop' : 函式樣式初始設定式似乎是函式定義 [E:\code\Hexo\blog\node_modules\uws\build\binding.sln]
e:\code\hexo\blog\node_modules\uws\src\Libuv.h(175): error C2143: 語法錯誤 : 遺漏 ';' (在 '}' 之前) [E:\code\Hexo\blog\node_modules\uws\build\binding.sln]
e:\code\hexo\blog\node_modules\uws\src\Libuv.h(159): error C2065: 'Loop' : 未宣告的識別項 [E:\code\Hexo\blog\node_modules\uws\build\binding.sln]
e:\code\hexo\blog\node_modules\uws\src\Libuv.h(175): error C2059: 語法錯誤 : '}' [E:\code\Hexo\blog\node_modules\uws\build\binding.sln]
e:\code\hexo\blog\node_modules\uws\src\Libuv.h(159): error C2065: 'loop' : 未宣告的識別項 [E:\code\Hexo\blog\node_modules\uws\build\binding.sln]
e:\code\hexo\blog\node_modules\uws\src\Libuv.h(177): error C2059: 語法錯誤 : '}' [E:\code\Hexo\blog\node_modules\uws\build\binding.sln]
e:\code\hexo\blog\node_modules\uws\src\Libuv.h(159): error C2065: 'Loop' : 未宣告的識別項 [E:\code\Hexo\blog\node_modules\uws\build\binding.sln]
e:\code\hexo\blog\node_modules\uws\src\Libuv.h(177): error C2143: 語法錯誤 : 遺漏 ';' (在 '}' 之前) [E:\code\Hexo\blog\node_modules\uws\build\binding.sln]
e:\code\hexo\blog\node_modules\uws\src\Libuv.h(159): error C2065: 'newLoop' : 未宣告的識別項 [E:\code\Hexo\blog\node_modules\uws\build\binding.sln]
e:\code\hexo\blog\node_modules\uws\src\Libuv.h(177): error C2059: 語法錯誤 : '}' [E:\code\Hexo\blog\node_modules\uws\build\binding.sln]
e:\code\hexo\blog\node_modules\uws\src\Libuv.h(159): error C2062: 未預期的型別 'int' [E:\code\Hexo\blog\node_modules\uws\build\binding.sln]
e:\code\hexo\blog\node_modules\uws\src\Libuv.h(159): error C2143: 語法錯誤 : 遺漏 ';' (在 '{' 之前) [E:\code\Hexo\blog\node_modules\uws\build\binding.sln]
e:\code\hexo\blog\node_modules\uws\src\Libuv.h(159): error C2447: '{' : 遺漏函式標頭 (舊樣式型式清單?) [E:\code\Hexo\blog\node_modules\uws\build\binding.sln]
e:\code\hexo\blog\node_modules\uws\src\Libuv.h(163): error C2065: 'Loop' : 未宣告的識別項 [E:\code\Hexo\blog\node_modules\uws\build\binding.sln]
e:\code\hexo\blog\node_modules\uws\src\Libuv.h(163): error C2059: 語法錯誤 : ',' [E:\code\Hexo\blog\node_modules\uws\build\binding.sln]
e:\code\hexo\blog\node_modules\uws\src\Libuv.h(163): error C2143: 語法錯誤 : 遺漏 ';' (在 '{' 之前) [E:\code\Hexo\blog\node_modules\uws\build\binding.sln]
e:\code\hexo\blog\node_modules\uws\src\Libuv.h(163): error C2447: '{' : 遺漏函式標頭 (舊樣式型式清單?) [E:\code\Hexo\blog\node_modules\uws\build\binding.sln]
e:\code\hexo\blog\node_modules\uws\src\Libuv.h(167): error C2065: 'Loop' : 未宣告的識別項 [E:\code\Hexo\blog\node_modules\uws\build\binding.sln]
e:\code\hexo\blog\node_modules\uws\src\Libuv.h(167): error C2065: 'loop' : 未宣告的識別項 [E:\code\Hexo\blog\node_modules\uws\build\binding.sln]
e:\code\hexo\blog\node_modules\uws\src\Libuv.h(167): error C2065: 'cb' : 未宣告的識別項 [E:\code\Hexo\blog\node_modules\uws\build\binding.sln]
e:\code\hexo\blog\node_modules\uws\src\Libuv.h(167): error C2059: 語法錯誤 : ')' [E:\code\Hexo\blog\node_modules\uws\build\binding.sln]
e:\code\hexo\blog\node_modules\uws\src\Libuv.h(167): error C2143: 語法錯誤 : 遺漏 ';' (在 '{' 之前) [E:\code\Hexo\blog\node_modules\uws\build\binding.sln]
e:\code\hexo\blog\node_modules\uws\src\Libuv.h(167): error C2447: '{' : 遺漏函式標頭 (舊樣式型式清單?) [E:\code\Hexo\blog\node_modules\uws\build\binding.sln]
c:\users\z17023031\.node-gyp\8.11.1\include\node\openssl\./archs/VC-WIN64A/opensslconf.h(5): error C2143: 語法錯誤 : 遺漏 ';' (在 '{' 之前) [E:\code\Hexo\blog\node_modules\uws\build\binding.sln]
e:\code\hexo\blog\node_modules\uws\src\Libuv.h(175): error C2059: 語法錯誤 : '}' [E:\code\Hexo\blog\node_modules\uws\build\binding.sln]
c:\users\z17023031\.node-gyp\8.11.1\include\node\openssl\./archs/VC-WIN64A/opensslconf.h(5): error C2447: '{' : 遺漏函式標頭 (舊樣式型式清單?) [E:\code\Hexo\blog\node_modules\uws\build\binding.sln]
e:\code\hexo\blog\node_modules\uws\src\Libuv.h(175): error C2143: 語法錯誤 : 遺漏 ';' (在 '}' 之前) [E:\code\Hexo\blog\node_modules\uws\build\binding.sln]
e:\code\hexo\blog\node_modules\uws\src\Libuv.h(175): error C2059: 語法錯誤 : '}' [E:\code\Hexo\blog\node_modules\uws\build\binding.sln]
e:\code\hexo\blog\node_modules\uws\src\Libuv.h(177): error C2059: 語法錯誤 : '}' [E:\code\Hexo\blog\node_modules\uws\build\binding.sln]
e:\code\hexo\blog\node_modules\uws\src\Libuv.h(177): error C2143: 語法錯誤 : 遺漏 ';' (在 '}' 之前) [E:\code\Hexo\blog\node_modules\uws\build\binding.sln]
e:\code\hexo\blog\node_modules\uws\src\Libuv.h(177): error C2059: 語法錯誤 : '}' [E:\code\Hexo\blog\node_modules\uws\build\binding.sln]
c:\users\z17023031\.node-gyp\8.11.1\include\node\openssl\./archs/VC-WIN64A/opensslconf.h(5): error C2143: 語法錯誤 : 遺漏 ';' (在 '{' 之前) [E:\code\Hexo\blog\node_modules\uws\build\binding.sln]
c:\users\z17023031\.node-gyp\8.11.1\include\node\openssl\./archs/VC-WIN64A/opensslconf.h(5): error C2447: '{' : 遺漏函式標頭 (舊樣式型式清單?) [E:\code\Hexo\blog\node_modules\uws\build\binding.sln]
e:\code\hexo\blog\node_modules\uws\src\Libuv.h(5): error C4430: 遺漏型別規範 - 假設為 int。注意: C++ 不支援 default-int [E:\code\Hexo\blog\node_modules\uws\build\binding.sln]
e:\code\hexo\blog\node_modules\uws\src\Libuv.h(5): error C2078: 初始設定式太多 [E:\code\Hexo\blog\node_modules\uws\build\binding.sln]
e:\code\hexo\blog\node_modules\uws\src\Libuv.h(5): error C2440: '正在初始化' : 無法由 'const char [36]' 轉換為 'int' [E:\code\Hexo\blog\node_modules\uws\build\binding.sln]
e:\code\hexo\blog\node_modules\uws\src\Libuv.h(47): error C2958: 找到沒有正確對應的左括號 '(' (於 'e:\code\hexo\blog\node_modules\uws\src\libuv.h(45)' [E:\code\Hexo\blog\node_modules\uws\build\binding.sln]
e:\code\hexo\blog\node_modules\uws\src\Libuv.h(47): error C2059: 語法錯誤 : ')' [E:\code\Hexo\blog\node_modules\uws\build\binding.sln]
e:\code\hexo\blog\node_modules\uws\src\Libuv.h(50): error C2628: 'uS::Async' 之後接續 'void' 不合法 (是否缺少 ';'?) [E:\code\Hexo\blog\node_modules\uws\build\binding.sln]
e:\code\hexo\blog\node_modules\uws\src\Libuv.h(51): error C2065: 'uv_async' : 未宣告的識別項 [E:\code\Hexo\blog\node_modules\uws\build\binding.sln]
e:\code\hexo\blog\node_modules\uws\src\Libuv.h(51): error C2228: '.data' 的左邊必須有類別/結構/等位 [E:\code\Hexo\blog\node_modules\uws\build\binding.sln]
e:\code\hexo\blog\node_modules\uws\src\Libuv.h(45): error C2059: 語法錯誤 : '[' [E:\code\Hexo\blog\node_modules\uws\build\binding.sln]
e:\code\hexo\blog\node_modules\uws\src\Libuv.h(45): error C2143: 語法錯誤 : 遺漏 ')' (在 '{' 之前) [E:\code\Hexo\blog\node_modules\uws\build\binding.sln]
e:\code\hexo\blog\node_modules\uws\src\Libuv.h(45): error C2143: 語法錯誤 : 遺漏 ';' (在 '{' 之前) [E:\code\Hexo\blog\node_modules\uws\build\binding.sln]
e:\code\hexo\blog\node_modules\uws\src\Libuv.h(46): error C2065: 'a' : 未宣告的識別項 [E:\code\Hexo\blog\node_modules\uws\build\binding.sln]
e:\code\hexo\blog\node_modules\uws\src\Libuv.h(46): error C2541: 'delete' : 無法刪除不是指標的物件 [E:\code\Hexo\blog\node_modules\uws\build\binding.sln]
e:\code\hexo\blog\node_modules\uws\src\Libuv.h(55): error C2065: 'uv_async' : 未宣告的識別項 [E:\code\Hexo\blog\node_modules\uws\build\binding.sln]
e:\code\hexo\blog\node_modules\uws\src\Libuv.h(55): error C2228: '.data' 的左邊必須有類別/結構/等位 [E:\code\Hexo\blog\node_modules\uws\build\binding.sln]
e:\code\hexo\blog\node_modules\uws\src\Libuv.h(62): error C2061: 語法錯誤 : 識別項 'Loop' [E:\code\Hexo\blog\node_modules\uws\build\binding.sln]
e:\code\hexo\blog\node_modules\uws\src\Libuv.h(85): error C2958: 找到沒有正確對應的左括號 '(' (於 'e:\code\hexo\blog\node_modules\uws\src\libuv.h(83)' [E:\code\Hexo\blog\node_modules\uws\build\binding.sln]
e:\code\hexo\blog\node_modules\uws\src\Libuv.h(85): error C2059: 語法錯誤 : ')' [E:\code\Hexo\blog\node_modules\uws\build\binding.sln]
e:\code\hexo\blog\node_modules\uws\src\Libuv.h(88): error C2059: 語法錯誤 : 'private' [E:\code\Hexo\blog\node_modules\uws\build\binding.sln]
e:\code\hexo\blog\node_modules\uws\src\Libuv.h(88): error C2143: 語法錯誤 : 遺漏 ';' (在 ':' 之前) [E:\code\Hexo\blog\node_modules\uws\build\binding.sln]
e:\code\hexo\blog\node_modules\uws\src\Libuv.h(88): error C2059: 語法錯誤 : ':' [E:\code\Hexo\blog\node_modules\uws\build\binding.sln]
e:\code\hexo\blog\node_modules\uws\src\Libuv.h(63): error C2065: 'loop' : 未宣告的識別項 [E:\code\Hexo\blog\node_modules\uws\build\binding.sln]
e:\code\hexo\blog\node_modules\uws\src\Libuv.h(83): error C2059: 語法錯誤 : '[' [E:\code\Hexo\blog\node_modules\uws\build\binding.sln]
e:\code\hexo\blog\node_modules\uws\src\Libuv.h(83): error C2143: 語法錯誤 : 遺漏 ')' (在 '{' 之前) [E:\code\Hexo\blog\node_modules\uws\build\binding.sln]
e:\code\hexo\blog\node_modules\uws\src\Libuv.h(83): error C2143: 語法錯誤 : 遺漏 ';' (在 '{' 之前) [E:\code\Hexo\blog\node_modules\uws\build\binding.sln]
e:\code\hexo\blog\node_modules\uws\src\Libuv.h(84): error C2065: 't' : 未宣告的識別項 [E:\code\Hexo\blog\node_modules\uws\build\binding.sln]
e:\code\hexo\blog\node_modules\uws\src\Libuv.h(84): error C2541: 'delete' : 無法刪除不是指標的物件 [E:\code\Hexo\blog\node_modules\uws\build\binding.sln]
e:\code\hexo\blog\node_modules\uws\src\Libuv.h(89): error C2588: '::~Timer' : 不合法的全域 解構函式 [E:\code\Hexo\blog\node_modules\uws\build\binding.sln]
e:\code\hexo\blog\node_modules\uws\src\Libuv.h(89): error C4430: 遺漏型別規範 - 假設為 int。注意: C++ 不支援 default-int [E:\code\Hexo\blog\node_modules\uws\build\binding.sln]
e:\code\hexo\blog\node_modules\uws\src\Libuv.h(91): warning C4508: 'Timer' : 函式應傳回值; 假定 'void' 傳回型別 [E:\code\Hexo\blog\node_modules\uws\build\binding.sln]
e:\code\hexo\blog\node_modules\uws\src\Libuv.h(92): error C2059: 語法錯誤 : '}' [E:\code\Hexo\blog\node_modules\uws\build\binding.sln]
e:\code\hexo\blog\node_modules\uws\src\Libuv.h(92): error C2143: 語法錯誤 : 遺漏 ';' (在 '}' 之前) [E:\code\Hexo\blog\node_modules\uws\build\binding.sln]
e:\code\hexo\blog\node_modules\uws\src\Libuv.h(92): error C2059: 語法錯誤 : '}' [E:\code\Hexo\blog\node_modules\uws\build\binding.sln]
e:\code\hexo\blog\node_modules\uws\src\Libuv.h(98): error C2061: 語法錯誤 : 識別項 'Loop' [E:\code\Hexo\blog\node_modules\uws\build\binding.sln]
e:\code\hexo\blog\node_modules\uws\src\Libuv.h(103): error C2143: 語法錯誤 : 遺漏 ')' (在 '&&' 之前) [E:\code\Hexo\blog\node_modules\uws\build\binding.sln]
e:\code\hexo\blog\node_modules\uws\src\Libuv.h(103): error C2143: 語法錯誤 : 遺漏 ';' (在 '&&' 之前) [E:\code\Hexo\blog\node_modules\uws\build\binding.sln]
e:\code\hexo\blog\node_modules\uws\src\Libuv.h(103): error C2652: 'Poll' : 複製建構函式不合法: 第一個參數不能是 'Poll' [E:\code\Hexo\blog\node_modules\uws\build\binding.sln]
e:\code\hexo\blog\node_modules\uws\src\Libuv.h(103): error C2059: 語法錯誤 : ')' [E:\code\Hexo\blog\node_modules\uws\build\binding.sln]
e:\code\hexo\blog\node_modules\uws\src\Libuv.h(103): error C2334: 在 '{' 之前有未預期的語彙基元; 略過函式主體 [E:\code\Hexo\blog\node_modules\uws\build\binding.sln]
e:\code\hexo\blog\node_modules\uws\src\Libuv.h(109): error C2059: 語法錯誤 : ';' [E:\code\Hexo\blog\node_modules\uws\build\binding.sln]
e:\code\hexo\blog\node_modules\uws\src\Libuv.h(109): error C2238: 在 ';' 之前有未預期的語彙基元 [E:\code\Hexo\blog\node_modules\uws\build\binding.sln]
e:\code\hexo\blog\node_modules\uws\src\Libuv.h(137): error C2061: 語法錯誤 : 識別項 'Loop' [E:\code\Hexo\blog\node_modules\uws\build\binding.sln]
e:\code\hexo\blog\node_modules\uws\src\Libuv.h(143): error C2061: 語法錯誤 : 識別項 'Loop' [E:\code\Hexo\blog\node_modules\uws\build\binding.sln]
e:\code\hexo\blog\node_modules\uws\src\Libuv.h(148): error C2958: 找到沒有正確對應的左括號 '(' (於 'e:\code\hexo\blog\node_modules\uws\src\libuv.h(145)' [E:\code\Hexo\blog\node_modules\uws\build\binding.sln]
e:\code\hexo\blog\node_modules\uws\src\Libuv.h(148): error C2059: 語法錯誤 : ')' [E:\code\Hexo\blog\node_modules\uws\build\binding.sln]
e:\code\hexo\blog\node_modules\uws\src\Libuv.h(151): error C2628: 'Poll' 之後接續 'void' 不合法 (是否缺少 ';'?) [E:\code\Hexo\blog\node_modules\uws\build\binding.sln]
e:\code\hexo\blog\node_modules\uws\src\Libuv.h(151): error C2065: 'Loop' : 未宣告的識別項 [E:\code\Hexo\blog\node_modules\uws\build\binding.sln]
e:\code\hexo\blog\node_modules\uws\src\Libuv.h(151): error C2059: 語法錯誤 : ',' [E:\code\Hexo\blog\node_modules\uws\build\binding.sln]
e:\code\hexo\blog\node_modules\uws\src\Libuv.h(151): error C2143: 語法錯誤 : 遺漏 ';' (在 '{' 之前) [E:\code\Hexo\blog\node_modules\uws\build\binding.sln]
e:\code\hexo\blog\node_modules\uws\src\Libuv.h(100): error C2065: 'loop' : 未宣告的識別項 [E:\code\Hexo\blog\node_modules\uws\build\binding.sln]
e:\code\hexo\blog\node_modules\uws\src\Libuv.h(100): error C2065: 'fd' : 未宣告的識別項 [E:\code\Hexo\blog\node_modules\uws\build\binding.sln]
e:\code\hexo\blog\node_modules\uws\src\Libuv.h(140): error C2065: 'loop' : 未宣告的識別項 [E:\code\Hexo\blog\node_modules\uws\build\binding.sln]
e:\code\hexo\blog\node_modules\uws\src\Libuv.h(140): error C2065: 'fd' : 未宣告的識別項 [E:\code\Hexo\blog\node_modules\uws\build\binding.sln]
e:\code\hexo\blog\node_modules\uws\src\Libuv.h(144): error C2065: 'self' : 未宣告的識別項 [E:\code\Hexo\blog\node_modules\uws\build\binding.sln]
e:\code\hexo\blog\node_modules\uws\src\Libuv.h(145): error C2065: 'events' : 未宣告的識別項 [E:\code\Hexo\blog\node_modules\uws\build\binding.sln]
e:\code\hexo\blog\node_modules\uws\src\Libuv.h(145): error C2059: 語法錯誤 : '[' [E:\code\Hexo\blog\node_modules\uws\build\binding.sln]
e:\code\hexo\blog\node_modules\uws\src\Libuv.h(145): error C2143: 語法錯誤 : 遺漏 ')' (在 '{' 之前) [E:\code\Hexo\blog\node_modules\uws\build\binding.sln]
e:\code\hexo\blog\node_modules\uws\src\Libuv.h(145): error C2143: 語法錯誤 : 遺漏 ';' (在 '{' 之前) [E:\code\Hexo\blog\node_modules\uws\build\binding.sln]
e:\code\hexo\blog\node_modules\uws\src\Libuv.h(146): error C2065: 'p' : 未宣告的識別項 [E:\code\Hexo\blog\node_modules\uws\build\binding.sln]
e:\code\hexo\blog\node_modules\uws\src\Libuv.h(146): error C2227: '->data' 的左邊必須指向類別/結構/等位/泛型型別 [E:\code\Hexo\blog\node_modules\uws\build\binding.sln]
e:\code\hexo\blog\node_modules\uws\src\Libuv.h(147): error C2065: 'status' : 未宣告的識別項 [E:\code\Hexo\blog\node_modules\uws\build\binding.sln]
e:\code\hexo\blog\node_modules\uws\src\Libuv.h(147): error C2065: 'events' : 未宣告的識別項 [E:\code\Hexo\blog\node_modules\uws\build\binding.sln]
e:\code\hexo\blog\node_modules\uws\src\Libuv.h(151): error C2447: '{' : 遺漏函式標頭 (舊樣式型式清單?) [E:\code\Hexo\blog\node_modules\uws\build\binding.sln]
e:\code\hexo\blog\node_modules\uws\src\Libuv.h(155): error C2065: 'Loop' : 未宣告的識別項 [E:\code\Hexo\blog\node_modules\uws\build\binding.sln]
e:\code\hexo\blog\node_modules\uws\src\Libuv.h(155): error C2065: 'loop' : 未宣告的識別項 [E:\code\Hexo\blog\node_modules\uws\build\binding.sln]
e:\code\hexo\blog\node_modules\uws\src\Libuv.h(155): error C2448: 'stop' : 函式樣式初始設定式似乎是函式定義 [E:\code\Hexo\blog\node_modules\uws\build\binding.sln]
e:\code\hexo\blog\node_modules\uws\src\Libuv.h(159): error C2065: 'Loop' : 未宣告的識別項 [E:\code\Hexo\blog\node_modules\uws\build\binding.sln]
e:\code\hexo\blog\node_modules\uws\src\Libuv.h(159): error C2065: 'loop' : 未宣告的識別項 [E:\code\Hexo\blog\node_modules\uws\build\binding.sln]
e:\code\hexo\blog\node_modules\uws\src\Libuv.h(159): error C2065: 'Loop' : 未宣告的識別項 [E:\code\Hexo\blog\node_modules\uws\build\binding.sln]
e:\code\hexo\blog\node_modules\uws\src\Libuv.h(159): error C2065: 'newLoop' : 未宣告的識別項 [E:\code\Hexo\blog\node_modules\uws\build\binding.sln]
e:\code\hexo\blog\node_modules\uws\src\Libuv.h(159): error C2062: 未預期的型別 'int' [E:\code\Hexo\blog\node_modules\uws\build\binding.sln]
e:\code\hexo\blog\node_modules\uws\src\Libuv.h(159): error C2143: 語法錯誤 : 遺漏 ';' (在 '{' 之前) [E:\code\Hexo\blog\node_modules\uws\build\binding.sln]
e:\code\hexo\blog\node_modules\uws\src\Libuv.h(159): error C2447: '{' : 遺漏函式標頭 (舊樣式型式清單?) [E:\code\Hexo\blog\node_modules\uws\build\binding.sln]
e:\code\hexo\blog\node_modules\uws\src\Libuv.h(163): error C2065: 'Loop' : 未宣告的識別項 [E:\code\Hexo\blog\node_modules\uws\build\binding.sln]
e:\code\hexo\blog\node_modules\uws\src\Libuv.h(163): error C2059: 語法錯誤 : ',' [E:\code\Hexo\blog\node_modules\uws\build\binding.sln]
e:\code\hexo\blog\node_modules\uws\src\Libuv.h(163): error C2143: 語法錯誤 : 遺漏 ';' (在 '{' 之前) [E:\code\Hexo\blog\node_modules\uws\build\binding.sln]
e:\code\hexo\blog\node_modules\uws\src\Libuv.h(163): error C2447: '{' : 遺漏函式標頭 (舊樣式型式清單?) [E:\code\Hexo\blog\node_modules\uws\build\binding.sln]
e:\code\hexo\blog\node_modules\uws\src\Libuv.h(167): error C2065: 'Loop' : 未宣告的識別項 [E:\code\Hexo\blog\node_modules\uws\build\binding.sln]
e:\code\hexo\blog\node_modules\uws\src\Libuv.h(167): error C2065: 'loop' : 未宣告的識別項 [E:\code\Hexo\blog\node_modules\uws\build\binding.sln]
e:\code\hexo\blog\node_modules\uws\src\Libuv.h(167): error C2065: 'cb' : 未宣告的識別項 [E:\code\Hexo\blog\node_modules\uws\build\binding.sln]
e:\code\hexo\blog\node_modules\uws\src\Libuv.h(167): error C2059: 語法錯誤 : ')' [E:\code\Hexo\blog\node_modules\uws\build\binding.sln]
e:\code\hexo\blog\node_modules\uws\src\Libuv.h(167): error C2143: 語法錯誤 : 遺漏 ';' (在 '{' 之前) [E:\code\Hexo\blog\node_modules\uws\build\binding.sln]
e:\code\hexo\blog\node_modules\uws\src\Libuv.h(167): error C2447: '{' : 遺漏函式標頭 (舊樣式型式清單?) [E:\code\Hexo\blog\node_modules\uws\build\binding.sln]
e:\code\hexo\blog\node_modules\uws\src\Libuv.h(175): error C2059: 語法錯誤 : '}' [E:\code\Hexo\blog\node_modules\uws\build\binding.sln]
e:\code\hexo\blog\node_modules\uws\src\Libuv.h(175): error C2143: 語法錯誤 : 遺漏 ';' (在 '}' 之前) [E:\code\Hexo\blog\node_modules\uws\build\binding.sln]
e:\code\hexo\blog\node_modules\uws\src\Libuv.h(175): error C2059: 語法錯誤 : '}' [E:\code\Hexo\blog\node_modules\uws\build\binding.sln]
e:\code\hexo\blog\node_modules\uws\src\Libuv.h(177): error C2059: 語法錯誤 : '}' [E:\code\Hexo\blog\node_modules\uws\build\binding.sln]
e:\code\hexo\blog\node_modules\uws\src\Libuv.h(177): error C2143: 語法錯誤 : 遺漏 ';' (在 '}' 之前) [E:\code\Hexo\blog\node_modules\uws\build\binding.sln]
e:\code\hexo\blog\node_modules\uws\src\Libuv.h(177): error C2059: 語法錯誤 : '}' [E:\code\Hexo\blog\node_modules\uws\build\binding.sln]
c:\users\z17023031\.node-gyp\8.11.1\include\node\openssl\./archs/VC-WIN64A/opensslconf.h(5): error C2143: 語法錯誤 : 遺漏 ';' (在 '{' 之前) [E:\code\Hexo\blog\node_modules\uws\build\binding.sln]
c:\users\z17023031\.node-gyp\8.11.1\include\node\openssl\./archs/VC-WIN64A/opensslconf.h(5): error C2447: '{' : 遺漏函式標頭 (舊樣式型式清單?) [E:\code\Hexo\blog\node_modules\uws\build\binding.sln]
e:\code\hexo\blog\node_modules\uws\src\Libuv.h(5): error C4430: 遺漏型別規範 - 假設為 int。注意: C++ 不支援 default-int [E:\code\Hexo\blog\node_modules\uws\build\binding.sln]
e:\code\hexo\blog\node_modules\uws\src\Libuv.h(5): error C2078: 初始設定式太多 [E:\code\Hexo\blog\node_modules\uws\build\binding.sln]
e:\code\hexo\blog\node_modules\uws\src\Libuv.h(5): error C2440: '正在初始化' : 無法由 'const char [36]' 轉換為 'int' [E:\code\Hexo\blog\node_modules\uws\build\binding.sln]
e:\code\hexo\blog\node_modules\uws\src\Libuv.h(47): error C2958: 找到沒有正確對應的左括號 '(' (於 'e:\code\hexo\blog\node_modules\uws\src\libuv.h(45)' [E:\code\Hexo\blog\node_modules\uws\build\binding.sln]
e:\code\hexo\blog\node_modules\uws\src\Libuv.h(47): error C2059: 語法錯誤 : ')' [E:\code\Hexo\blog\node_modules\uws\build\binding.sln]
e:\code\hexo\blog\node_modules\uws\src\Libuv.h(50): error C2628: 'uS::Async' 之後接續 'void' 不合法 (是否缺少 ';'?) [E:\code\Hexo\blog\node_modules\uws\build\binding.sln]
e:\code\hexo\blog\node_modules\uws\src\Libuv.h(51): error C2065: 'uv_async' : 未宣告的識別項 [E:\code\Hexo\blog\node_modules\uws\build\binding.sln]
e:\code\hexo\blog\node_modules\uws\src\Libuv.h(51): error C2228: '.data' 的左邊必須有類別/結構/等位 [E:\code\Hexo\blog\node_modules\uws\build\binding.sln]
e:\code\hexo\blog\node_modules\uws\src\Libuv.h(45): error C2059: 語法錯誤 : '[' [E:\code\Hexo\blog\node_modules\uws\build\binding.sln]
e:\code\hexo\blog\node_modules\uws\src\Libuv.h(45): error C2143: 語法錯誤 : 遺漏 ')' (在 '{' 之前) [E:\code\Hexo\blog\node_modules\uws\build\binding.sln]
e:\code\hexo\blog\node_modules\uws\src\Libuv.h(45): error C2143: 語法錯誤 : 遺漏 ';' (在 '{' 之前) [E:\code\Hexo\blog\node_modules\uws\build\binding.sln]
e:\code\hexo\blog\node_modules\uws\src\Libuv.h(46): error C2065: 'a' : 未宣告的識別項 [E:\code\Hexo\blog\node_modules\uws\build\binding.sln]
e:\code\hexo\blog\node_modules\uws\src\Libuv.h(46): error C2541: 'delete' : 無法刪除不是指標的物件 [E:\code\Hexo\blog\node_modules\uws\build\binding.sln]
e:\code\hexo\blog\node_modules\uws\src\Libuv.h(55): error C2065: 'uv_async' : 未宣告的識別項 [E:\code\Hexo\blog\node_modules\uws\build\binding.sln]
e:\code\hexo\blog\node_modules\uws\src\Libuv.h(55): error C2228: '.data' 的左邊必須有類別/結構/等位 [E:\code\Hexo\blog\node_modules\uws\build\binding.sln]
e:\code\hexo\blog\node_modules\uws\src\Libuv.h(62): error C2061: 語法錯誤 : 識別項 'Loop' [E:\code\Hexo\blog\node_modules\uws\build\binding.sln]
e:\code\hexo\blog\node_modules\uws\src\Libuv.h(85): error C2958: 找到沒有正確對應的左括號 '(' (於 'e:\code\hexo\blog\node_modules\uws\src\libuv.h(83)' [E:\code\Hexo\blog\node_modules\uws\build\binding.sln]
e:\code\hexo\blog\node_modules\uws\src\Libuv.h(85): error C2059: 語法錯誤 : ')' [E:\code\Hexo\blog\node_modules\uws\build\binding.sln]
e:\code\hexo\blog\node_modules\uws\src\Libuv.h(88): error C2059: 語法錯誤 : 'private' [E:\code\Hexo\blog\node_modules\uws\build\binding.sln]
e:\code\hexo\blog\node_modules\uws\src\Libuv.h(88): error C2143: 語法錯誤 : 遺漏 ';' (在 ':' 之前) [E:\code\Hexo\blog\node_modules\uws\build\binding.sln]
e:\code\hexo\blog\node_modules\uws\src\Libuv.h(88): error C2059: 語法錯誤 : ':' [E:\code\Hexo\blog\node_modules\uws\build\binding.sln]
e:\code\hexo\blog\node_modules\uws\src\Libuv.h(63): error C2065: 'loop' : 未宣告的識別項 [E:\code\Hexo\blog\node_modules\uws\build\binding.sln]
e:\code\hexo\blog\node_modules\uws\src\Libuv.h(83): error C2059: 語法錯誤 : '[' [E:\code\Hexo\blog\node_modules\uws\build\binding.sln]
e:\code\hexo\blog\node_modules\uws\src\Libuv.h(83): error C2143: 語法錯誤 : 遺漏 ')' (在 '{' 之前) [E:\code\Hexo\blog\node_modules\uws\build\binding.sln]
e:\code\hexo\blog\node_modules\uws\src\Libuv.h(83): error C2143: 語法錯誤 : 遺漏 ';' (在 '{' 之前) [E:\code\Hexo\blog\node_modules\uws\build\binding.sln]
e:\code\hexo\blog\node_modules\uws\src\Libuv.h(84): error C2065: 't' : 未宣告的識別項 [E:\code\Hexo\blog\node_modules\uws\build\binding.sln]
e:\code\hexo\blog\node_modules\uws\src\Libuv.h(84): error C2541: 'delete' : 無法刪除不是指標的物件 [E:\code\Hexo\blog\node_modules\uws\build\binding.sln]
e:\code\hexo\blog\node_modules\uws\src\Libuv.h(89): error C2588: '::~Timer' : 不合法的全域 解構函式 [E:\code\Hexo\blog\node_modules\uws\build\binding.sln]
e:\code\hexo\blog\node_modules\uws\src\Libuv.h(89): error C4430: 遺漏型別規範 - 假設為 int。注意: C++ 不支援 default-int [E:\code\Hexo\blog\node_modules\uws\build\binding.sln]
e:\code\hexo\blog\node_modules\uws\src\Libuv.h(91): warning C4508: 'Timer' : 函式應傳回值; 假定 'void' 傳回型別 [E:\code\Hexo\blog\node_modules\uws\build\binding.sln]
e:\code\hexo\blog\node_modules\uws\src\Libuv.h(92): error C2059: 語法錯誤 : '}' [E:\code\Hexo\blog\node_modules\uws\build\binding.sln]
e:\code\hexo\blog\node_modules\uws\src\Libuv.h(92): error C2143: 語法錯誤 : 遺漏 ';' (在 '}' 之前) [E:\code\Hexo\blog\node_modules\uws\build\binding.sln]
e:\code\hexo\blog\node_modules\uws\src\Libuv.h(92): error C2059: 語法錯誤 : '}' [E:\code\Hexo\blog\node_modules\uws\build\binding.sln]
e:\code\hexo\blog\node_modules\uws\src\Libuv.h(98): error C2061: 語法錯誤 : 識別項 'Loop' [E:\code\Hexo\blog\node_modules\uws\build\binding.sln]
e:\code\hexo\blog\node_modules\uws\src\Libuv.h(103): error C2143: 語法錯誤 : 遺漏 ')' (在 '&&' 之前) [E:\code\Hexo\blog\node_modules\uws\build\binding.sln]
e:\code\hexo\blog\node_modules\uws\src\Libuv.h(103): error C2143: 語法錯誤 : 遺漏 ';' (在 '&&' 之前) [E:\code\Hexo\blog\node_modules\uws\build\binding.sln]
e:\code\hexo\blog\node_modules\uws\src\Libuv.h(103): error C2652: 'Poll' : 複製建構函式不合法: 第一個參數不能是 'Poll' [E:\code\Hexo\blog\node_modules\uws\build\binding.sln]
e:\code\hexo\blog\node_modules\uws\src\Libuv.h(103): error C2059: 語法錯誤 : ')' [E:\code\Hexo\blog\node_modules\uws\build\binding.sln]
e:\code\hexo\blog\node_modules\uws\src\Libuv.h(103): error C2334: 在 '{' 之前有未預期的語彙基元; 略過函式主體 [E:\code\Hexo\blog\node_modules\uws\build\binding.sln]
e:\code\hexo\blog\node_modules\uws\src\Libuv.h(109): error C2059: 語法錯誤 : ';' [E:\code\Hexo\blog\node_modules\uws\build\binding.sln]
e:\code\hexo\blog\node_modules\uws\src\Libuv.h(109): error C2238: 在 ';' 之前有未預期的語彙基元 [E:\code\Hexo\blog\node_modules\uws\build\binding.sln]
e:\code\hexo\blog\node_modules\uws\src\Libuv.h(137): error C2061: 語法錯誤 : 識別項 'Loop' [E:\code\Hexo\blog\node_modules\uws\build\binding.sln]
e:\code\hexo\blog\node_modules\uws\src\Libuv.h(143): error C2061: 語法錯誤 : 識別項 'Loop' [E:\code\Hexo\blog\node_modules\uws\build\binding.sln]
e:\code\hexo\blog\node_modules\uws\src\Libuv.h(148): error C2958: 找到沒有正確對應的左括號 '(' (於 'e:\code\hexo\blog\node_modules\uws\src\libuv.h(145)' [E:\code\Hexo\blog\node_modules\uws\build\binding.sln]
e:\code\hexo\blog\node_modules\uws\src\Libuv.h(148): error C2059: 語法錯誤 : ')' [E:\code\Hexo\blog\node_modules\uws\build\binding.sln]
e:\code\hexo\blog\node_modules\uws\src\Libuv.h(151): error C2628: 'Poll' 之後接續 'void' 不合法 (是否缺少 ';'?) [E:\code\Hexo\blog\node_modules\uws\build\binding.sln]
e:\code\hexo\blog\node_modules\uws\src\Libuv.h(151): error C2065: 'Loop' : 未宣告的識別項 [E:\code\Hexo\blog\node_modules\uws\build\binding.sln]
e:\code\hexo\blog\node_modules\uws\src\Libuv.h(151): error C2059: 語法錯誤 : ',' [E:\code\Hexo\blog\node_modules\uws\build\binding.sln]
e:\code\hexo\blog\node_modules\uws\src\Libuv.h(151): error C2143: 語法錯誤 : 遺漏 ';' (在 '{' 之前) [E:\code\Hexo\blog\node_modules\uws\build\binding.sln]
e:\code\hexo\blog\node_modules\uws\src\Libuv.h(100): error C2065: 'loop' : 未宣告的識別項 [E:\code\Hexo\blog\node_modules\uws\build\binding.sln]
e:\code\hexo\blog\node_modules\uws\src\Libuv.h(100): error C2065: 'fd' : 未宣告的識別項 [E:\code\Hexo\blog\node_modules\uws\build\binding.sln]
e:\code\hexo\blog\node_modules\uws\src\Libuv.h(140): error C2065: 'loop' : 未宣告的識別項 [E:\code\Hexo\blog\node_modules\uws\build\binding.sln]
e:\code\hexo\blog\node_modules\uws\src\Libuv.h(140): error C2065: 'fd' : 未宣告的識別項 [E:\code\Hexo\blog\node_modules\uws\build\binding.sln]
e:\code\hexo\blog\node_modules\uws\src\Libuv.h(144): error C2065: 'self' : 未宣告的識別項 [E:\code\Hexo\blog\node_modules\uws\build\binding.sln]
e:\code\hexo\blog\node_modules\uws\src\Libuv.h(145): error C2065: 'events' : 未宣告的識別項 [E:\code\Hexo\blog\node_modules\uws\build\binding.sln]
e:\code\hexo\blog\node_modules\uws\src\Libuv.h(145): error C2059: 語法錯誤 : '[' [E:\code\Hexo\blog\node_modules\uws\build\binding.sln]
e:\code\hexo\blog\node_modules\uws\src\Libuv.h(145): error C2143: 語法錯誤 : 遺漏 ')' (在 '{' 之前) [E:\code\Hexo\blog\node_modules\uws\build\binding.sln]
e:\code\hexo\blog\node_modules\uws\src\Libuv.h(145): error C2143: 語法錯誤 : 遺漏 ';' (在 '{' 之前) [E:\code\Hexo\blog\node_modules\uws\build\binding.sln]
e:\code\hexo\blog\node_modules\uws\src\Libuv.h(146): error C2065: 'p' : 未宣告的識別項 [E:\code\Hexo\blog\node_modules\uws\build\binding.sln]
e:\code\hexo\blog\node_modules\uws\src\Libuv.h(146): error C2227: '->data' 的左邊必須指向類別/結構/等位/泛型型別 [E:\code\Hexo\blog\node_modules\uws\build\binding.sln]
e:\code\hexo\blog\node_modules\uws\src\Libuv.h(147): error C2065: 'status' : 未宣告的識別項 [E:\code\Hexo\blog\node_modules\uws\build\binding.sln]
e:\code\hexo\blog\node_modules\uws\src\Libuv.h(147): error C2065: 'events' : 未宣告的識別項 [E:\code\Hexo\blog\node_modules\uws\build\binding.sln]
e:\code\hexo\blog\node_modules\uws\src\Libuv.h(151): error C2447: '{' : 遺漏函式標頭 (舊樣式型式清單?) [E:\code\Hexo\blog\node_modules\uws\build\binding.sln]
e:\code\hexo\blog\node_modules\uws\src\Libuv.h(155): error C2065: 'Loop' : 未宣告的識別項 [E:\code\Hexo\blog\node_modules\uws\build\binding.sln]
e:\code\hexo\blog\node_modules\uws\src\Libuv.h(155): error C2065: 'loop' : 未宣告的識別項 [E:\code\Hexo\blog\node_modules\uws\build\binding.sln]
e:\code\hexo\blog\node_modules\uws\src\Libuv.h(155): error C2448: 'stop' : 函式樣式初始設定式似乎是函式定義 [E:\code\Hexo\blog\node_modules\uws\build\binding.sln]
e:\code\hexo\blog\node_modules\uws\src\Libuv.h(159): error C2065: 'Loop' : 未宣告的識別項 [E:\code\Hexo\blog\node_modules\uws\build\binding.sln]
e:\code\hexo\blog\node_modules\uws\src\Libuv.h(159): error C2065: 'loop' : 未宣告的識別項 [E:\code\Hexo\blog\node_modules\uws\build\binding.sln]
e:\code\hexo\blog\node_modules\uws\src\Libuv.h(159): error C2065: 'Loop' : 未宣告的識別項 [E:\code\Hexo\blog\node_modules\uws\build\binding.sln]
e:\code\hexo\blog\node_modules\uws\src\Libuv.h(159): error C2065: 'newLoop' : 未宣告的識別項 [E:\code\Hexo\blog\node_modules\uws\build\binding.sln]
e:\code\hexo\blog\node_modules\uws\src\Libuv.h(159): error C2062: 未預期的型別 'int' [E:\code\Hexo\blog\node_modules\uws\build\binding.sln]
e:\code\hexo\blog\node_modules\uws\src\Libuv.h(159): error C2143: 語法錯誤 : 遺漏 ';' (在 '{' 之前) [E:\code\Hexo\blog\node_modules\uws\build\binding.sln]
e:\code\hexo\blog\node_modules\uws\src\Libuv.h(159): error C2447: '{' : 遺漏函式標頭 (舊樣式型式清單?) [E:\code\Hexo\blog\node_modules\uws\build\binding.sln]
e:\code\hexo\blog\node_modules\uws\src\Libuv.h(163): error C2065: 'Loop' : 未宣告的識別項 [E:\code\Hexo\blog\node_modules\uws\build\binding.sln]
e:\code\hexo\blog\node_modules\uws\src\Libuv.h(163): error C2059: 語法錯誤 : ',' [E:\code\Hexo\blog\node_modules\uws\build\binding.sln]
e:\code\hexo\blog\node_modules\uws\src\Libuv.h(163): error C2143: 語法錯誤 : 遺漏 ';' (在 '{' 之前) [E:\code\Hexo\blog\node_modules\uws\build\binding.sln]
e:\code\hexo\blog\node_modules\uws\src\Libuv.h(163): error C2447: '{' : 遺漏函式標頭 (舊樣式型式清單?) [E:\code\Hexo\blog\node_modules\uws\build\binding.sln]
e:\code\hexo\blog\node_modules\uws\src\Libuv.h(167): error C2065: 'Loop' : 未宣告的識別項 [E:\code\Hexo\blog\node_modules\uws\build\binding.sln]
e:\code\hexo\blog\node_modules\uws\src\Libuv.h(167): error C2065: 'loop' : 未宣告的識別項 [E:\code\Hexo\blog\node_modules\uws\build\binding.sln]
e:\code\hexo\blog\node_modules\uws\src\Libuv.h(167): error C2065: 'cb' : 未宣告的識別項 [E:\code\Hexo\blog\node_modules\uws\build\binding.sln]
e:\code\hexo\blog\node_modules\uws\src\Libuv.h(167): error C2059: 語法錯誤 : ')' [E:\code\Hexo\blog\node_modules\uws\build\binding.sln]
e:\code\hexo\blog\node_modules\uws\src\Libuv.h(167): error C2143: 語法錯誤 : 遺漏 ';' (在 '{' 之前) [E:\code\Hexo\blog\node_modules\uws\build\binding.sln]
e:\code\hexo\blog\node_modules\uws\src\Libuv.h(167): error C2447: '{' : 遺漏函式標頭 (舊樣式型式清單?) [E:\code\Hexo\blog\node_modules\uws\build\binding.sln]
e:\code\hexo\blog\node_modules\uws\src\Libuv.h(175): error C2059: 語法錯誤 : '}' [E:\code\Hexo\blog\node_modules\uws\build\binding.sln]
e:\code\hexo\blog\node_modules\uws\src\Libuv.h(175): error C2143: 語法錯誤 : 遺漏 ';' (在 '}' 之前) [E:\code\Hexo\blog\node_modules\uws\build\binding.sln]
e:\code\hexo\blog\node_modules\uws\src\Libuv.h(175): error C2059: 語法錯誤 : '}' [E:\code\Hexo\blog\node_modules\uws\build\binding.sln]
e:\code\hexo\blog\node_modules\uws\src\Libuv.h(177): error C2059: 語法錯誤 : '}' [E:\code\Hexo\blog\node_modules\uws\build\binding.sln]
e:\code\hexo\blog\node_modules\uws\src\Libuv.h(177): error C2143: 語法錯誤 : 遺漏 ';' (在 '}' 之前) [E:\code\Hexo\blog\node_modules\uws\build\binding.sln]
e:\code\hexo\blog\node_modules\uws\src\Libuv.h(177): error C2059: 語法錯誤 : '}' [E:\code\Hexo\blog\node_modules\uws\build\binding.sln]
c:\users\z17023031\.node-gyp\8.11.1\include\node\openssl\./archs/VC-WIN64A/opensslconf.h(5): error C2143: 語法錯誤 : 遺漏 ';' (在 '{' 之前) [E:\code\Hexo\blog\node_modules\uws\build\binding.sln]
c:\users\z17023031\.node-gyp\8.11.1\include\node\openssl\./archs/VC-WIN64A/opensslconf.h(5): error C2447: '{' : 遺漏函式標頭 (舊樣式型式清單?) [E:\code\Hexo\blog\node_modules\uws\build\binding.sln]
e:\code\hexo\blog\node_modules\uws\src\Networking.h(74): fatal error C1083: 無法開啟包含檔案: 'mutex': No such file or directory [E:\code\Hexo\blog\node_modules\uws\build\binding.sln]
e:\code\hexo\blog\node_modules\uws\src\Networking.h(74): fatal error C1083: 無法開啟包含檔案: 'mutex': No such file or directory [E:\code\Hexo\blog\node_modules\uws\build\binding.sln]
e:\code\hexo\blog\node_modules\uws\src\Networking.h(74): fatal error C1083: 無法開啟包含檔案: 'mutex': No such file or directory [E:\code\Hexo\blog\node_modules\uws\build\binding.sln]
e:\code\hexo\blog\node_modules\uws\src\Networking.h(74): fatal error C1083: 無法開啟包含檔案: 'mutex': No such file or directory [E:\code\Hexo\blog\node_modules\uws\build\binding.sln]
..\src\Extensions.cpp(15): error C2065: 'nullptr' : 未宣告的識別項 [E:\code\Hexo\blog\node_modules\uws\build\binding.sln]
..\src\Extensions.cpp(15): error C2864: 'uWS::ExtensionsParser::lastInteger' : 只有靜態 const 整數資料成員可以在類別內初始化 [E:\code\Hexo\blog\node_modules\uws\build\binding.sln]
..\src\Extensions.cpp(18): error C2864: 'uWS::ExtensionsParser::perMessageDeflate' : 只有靜態 const 整數資料成員可以在類別內初始化 [E:\code\Hexo\blog\node_modules\uws\build\binding.sln]
..\src\Extensions.cpp(19): error C2864: 'uWS::ExtensionsParser::serverNoContextTakeover' : 只有靜態 const 整數資料成員可以在類別內初始化 [E:\code\Hexo\blog\node_modules\uws\build\binding.sln]
..\src\Extensions.cpp(20): error C2864: 'uWS::ExtensionsParser::clientNoContextTakeover' : 只有靜態 const 整數資料成員可以在類別內初始化 [E:\code\Hexo\blog\node_modules\uws\build\binding.sln]
..\src\Extensions.cpp(21): error C2864: 'uWS::ExtensionsParser::serverMaxWindowBits' : 只有靜態 const 整數資料成員可以在類別內初始化 [E:\code\Hexo\blog\node_modules\uws\build\binding.sln]
..\src\Extensions.cpp(22): error C2864: 'uWS::ExtensionsParser::clientMaxWindowBits' : 只有靜態 const 整數資料成員可以在類別內初始化 [E:\code\Hexo\blog\node_modules\uws\build\binding.sln]
gyp ERR! build error 
gyp ERR! stack Error: `C:\Windows\Microsoft.NET\Framework\v4.0.30319\msbuild.exe` failed with exit code: 1
gyp ERR! stack     at ChildProcess.onExit (E:\APP\nodeJs\node_modules\npm\node_modules\node-gyp\lib\build.js:258:23)
gyp ERR! stack     at emitTwo (events.js:126:13)
gyp ERR! stack     at ChildProcess.emit (events.js:214:7)
gyp ERR! stack     at Process.ChildProcess._handle.onexit (internal/child_process.js:198:12)
gyp ERR! System Windows_NT 6.1.7601
gyp ERR! command "E:\\APP\\nodeJs\\node.exe" "E:\\APP\\nodeJs\\node_modules\\npm\\node_modules\\node-gyp\\bin\\node-gyp.js" "rebuild"
gyp ERR! cwd E:\code\Hexo\blog\node_modules\uws
gyp ERR! node -v v8.11.1
gyp ERR! node-gyp -v v3.6.2
gyp ERR! not ok 
